<?xml version="1.0" encoding="UTF-8"?>
<!-- Generated by org.testng.reporters.JUnitXMLReporter -->
<testsuite ignored="2" hostname="del1-lhp-n70285" failures="2" tests="4" name="Test2" time="50.797" errors="0" timestamp="2023-07-05T17:57:38 IST">
  <testcase classname="com.qa.thesis.tests.DiscountPlan" name="CreateDiscountPlan" time="17.815"/>
  <testcase classname="com.qa.thesis.tests.DiscountPlan" name="DeleteDiscountPlan" time="11.243"/>
  <testcase classname="com.qa.thesis.tests.HighSchool" name="CreateHighSchool" time="0.004">
    <failure type="java.lang.NullPointerException" message="Cannot invoke &amp;quot;com.qa.thesis.pages.LoginPage.LoginToAdmin(String, String)&amp;quot; because &amp;quot;this.loginpage&amp;quot; is null">
      <![CDATA[java.lang.NullPointerException: Cannot invoke "com.qa.thesis.pages.LoginPage.LoginToAdmin(String, String)" because "this.loginpage" is null
at com.qa.thesis.tests.HighSchool.CreateHighSchool(HighSchool.java:13)
at java.base/java.util.ArrayList.forEach(ArrayList.java:1511)
at java.base/java.util.concurrent.FutureTask.run(FutureTask.java:264)
at java.base/java.util.concurrent.ThreadPoolExecutor.runWorker(ThreadPoolExecutor.java:1136)
at java.base/java.util.concurrent.ThreadPoolExecutor$Worker.run(ThreadPoolExecutor.java:635)
at java.base/java.lang.Thread.run(Thread.java:833)
... Removed 17 stack frames]]>
    </failure>
  </testcase> <!-- CreateHighSchool -->
  <testcase classname="com.qa.thesis.tests.HighSchool" name="DeleteHighSchool" time="0.009">
    <failure type="java.lang.NullPointerException" message="Cannot invoke &amp;quot;com.qa.thesis.pages.LoginPage.LoginToAdmin(String, String)&amp;quot; because &amp;quot;this.loginpage&amp;quot; is null">
      <![CDATA[java.lang.NullPointerException: Cannot invoke "com.qa.thesis.pages.LoginPage.LoginToAdmin(String, String)" because "this.loginpage" is null
at com.qa.thesis.tests.HighSchool.DeleteHighSchool(HighSchool.java:22)
at java.base/java.util.ArrayList.forEach(ArrayList.java:1511)
at java.base/java.util.concurrent.FutureTask.run(FutureTask.java:264)
at java.base/java.util.concurrent.ThreadPoolExecutor.runWorker(ThreadPoolExecutor.java:1136)
at java.base/java.util.concurrent.ThreadPoolExecutor$Worker.run(ThreadPoolExecutor.java:635)
at java.base/java.lang.Thread.run(Thread.java:833)
... Removed 17 stack frames]]>
    </failure>
  </testcase> <!-- DeleteHighSchool -->
  <testcase classname="com.qa.thesis.base.BaseTest" name="@BeforeTest setup" time="0.0">
    <ignored/>
  </testcase> <!-- @BeforeTest setup -->
  <testcase classname="com.qa.thesis.base.BaseTest" name="@AfterTest teardown" time="0.0">
    <ignored/>
  </testcase> <!-- @AfterTest teardown -->
</testsuite> <!-- Test2 -->
