<?xml version="1.0" encoding="UTF-8"?>
<!-- Generated by org.testng.reporters.JUnitXMLReporter -->
<testsuite ignored="10" hostname="del1-lhp-n70285" failures="1" tests="4" name="regression" time="69.232" errors="0" timestamp="2023-07-06T20:43:12 IST">
  <testcase classname="com.qa.thesis.tests.College" name="CreateCollege" time="23.974"/>
  <testcase classname="com.qa.thesis.tests.College" name="DeleteCollege" time="11.003"/>
  <testcase classname="com.qa.thesis.tests.HighSchool" name="CreateHighSchool" time="8.122"/>
  <testcase classname="com.qa.thesis.tests.HighSchool" name="DeleteHighSchool" time="3.65">
    <failure type="com.microsoft.playwright.PlaywrightException" message="Error {
  message=&amp;apos;Error: strict mode violation: locator(&amp;quot;#searchResults div&amp;quot;).filter(new Locator.FilterOptions().setHasText(&amp;quot;HighSchool1&amp;quot;)) resolved to 2 elements:
    1) &amp;lt;div class=&amp;quot;marqueeColumn&amp;quot;&amp;gt;…&amp;lt;/div&amp;gt; aka getByText(&amp;quot;HighSchool1 High School Code&amp;quot;).first()
    2) &amp;lt;div class=&amp;quot;marqueeColumn&amp;quot;&amp;gt;…&amp;lt;/div&amp;gt; aka getByText(&amp;quot;HighSchool1 High School Code&amp;quot;).nth(1)

=========================== logs ===========================
waiting for locator(&amp;quot;#searchResults div&amp;quot;).filter(new Locator.FilterOptions().setHasText(&amp;quot;HighSchool1&amp;quot;))
============================================================
  name=&amp;apos;Error
  stack=&amp;apos;Error: Error: strict mode violation: locator(&amp;quot;#searchResults div&amp;quot;).filter(new Locator.FilterOptions().setHasText(&amp;quot;HighSchool1&amp;quot;)) resolved to 2 elements:
    1) &amp;lt;div class=&amp;quot;marqueeColumn&amp;quot;&amp;gt;…&amp;lt;/div&amp;gt; aka getByText(&amp;quot;HighSchool1 High School Code&amp;quot;).first()
    2) &amp;lt;div class=&amp;quot;marqueeColumn&amp;quot;&amp;gt;…&amp;lt;/div&amp;gt; aka getByText(&amp;quot;HighSchool1 High School Code&amp;quot;).nth(1)

=========================== logs ===========================
waiting for locator(&amp;quot;#searchResults div&amp;quot;).filter(new Locator.FilterOptions().setHasText(&amp;quot;HighSchool1&amp;quot;))
============================================================
    at CRExecutionContext.evaluateWithArguments (C:\Users\SURYA~1.MAH\AppData\Local\Temp\playwright-java-12552095701624826904\package\lib\server\chromium\crExecutionContext.js:92:33)
    at async ScopedRace._race (C:\Users\SURYA~1.MAH\AppData\Local\Temp\playwright-java-12552095701624826904\package\lib\utils\manualPromise.js:80:14)
    at async evaluateExpression (C:\Users\SURYA~1.MAH\AppData\Local\Temp\playwright-java-12552095701624826904\package\lib\server\javascript.js:234:12)
    at async C:\Users\SURYA~1.MAH\AppData\Local\Temp\playwright-java-12552095701624826904\package\lib\server\frames.js:945:22
    at async Frame.retryWithProgressAndTimeouts (C:\Users\SURYA~1.MAH\AppData\Local\Temp\playwright-java-12552095701624826904\package\lib\server\frames.js:916:24)
    at async C:\Users\SURYA~1.MAH\AppData\Local\Temp\playwright-java-12552095701624826904\package\lib\server\frames.js:1000:29
    at async ProgressController.run (C:\Users\SURYA~1.MAH\AppData\Local\Temp\playwright-java-12552095701624826904\package\lib\server\progress.js:92:22)
    at async FrameDispatcher.click (C:\Users\SURYA~1.MAH\AppData\Local\Temp\playwright-java-12552095701624826904\package\lib\server\dispatchers\frameDispatcher.js:149:12)
    at async DispatcherConnection.dispatch (C:\Users\SURYA~1.MAH\AppData\Local\Temp\playwright-java-12552095701624826904\package\lib\server\dispatchers\dispatcher.js:312:22)
}">
      <![CDATA[com.microsoft.playwright.PlaywrightException: Error {
  message='Error: strict mode violation: locator("#searchResults div").filter(new Locator.FilterOptions().setHasText("HighSchool1")) resolved to 2 elements:
    1) <div class="marqueeColumn">…</div> aka getByText("HighSchool1 High School Code").first()
    2) <div class="marqueeColumn">…</div> aka getByText("HighSchool1 High School Code").nth(1)

=========================== logs ===========================
waiting for locator("#searchResults div").filter(new Locator.FilterOptions().setHasText("HighSchool1"))
============================================================
  name='Error
  stack='Error: Error: strict mode violation: locator("#searchResults div").filter(new Locator.FilterOptions().setHasText("HighSchool1")) resolved to 2 elements:
    1) <div class="marqueeColumn">…</div> aka getByText("HighSchool1 High School Code").first()
    2) <div class="marqueeColumn">…</div> aka getByText("HighSchool1 High School Code").nth(1)

=========================== logs ===========================
waiting for locator("#searchResults div").filter(new Locator.FilterOptions().setHasText("HighSchool1"))
============================================================
    at CRExecutionContext.evaluateWithArguments (C:\Users\SURYA~1.MAH\AppData\Local\Temp\playwright-java-12552095701624826904\package\lib\server\chromium\crExecutionContext.js:92:33)
    at async ScopedRace._race (C:\Users\SURYA~1.MAH\AppData\Local\Temp\playwright-java-12552095701624826904\package\lib\utils\manualPromise.js:80:14)
    at async evaluateExpression (C:\Users\SURYA~1.MAH\AppData\Local\Temp\playwright-java-12552095701624826904\package\lib\server\javascript.js:234:12)
    at async C:\Users\SURYA~1.MAH\AppData\Local\Temp\playwright-java-12552095701624826904\package\lib\server\frames.js:945:22
    at async Frame.retryWithProgressAndTimeouts (C:\Users\SURYA~1.MAH\AppData\Local\Temp\playwright-java-12552095701624826904\package\lib\server\frames.js:916:24)
    at async C:\Users\SURYA~1.MAH\AppData\Local\Temp\playwright-java-12552095701624826904\package\lib\server\frames.js:1000:29
    at async ProgressController.run (C:\Users\SURYA~1.MAH\AppData\Local\Temp\playwright-java-12552095701624826904\package\lib\server\progress.js:92:22)
    at async FrameDispatcher.click (C:\Users\SURYA~1.MAH\AppData\Local\Temp\playwright-java-12552095701624826904\package\lib\server\dispatchers\frameDispatcher.js:149:12)
    at async DispatcherConnection.dispatch (C:\Users\SURYA~1.MAH\AppData\Local\Temp\playwright-java-12552095701624826904\package\lib\server\dispatchers\dispatcher.js:312:22)
}
at com.microsoft.playwright.impl.WaitableResult.get(WaitableResult.java:54)
at com.microsoft.playwright.impl.ChannelOwner.runUntil(ChannelOwner.java:111)
at com.microsoft.playwright.impl.Connection.sendMessage(Connection.java:126)
at com.microsoft.playwright.impl.ChannelOwner.sendMessage(ChannelOwner.java:102)
at com.microsoft.playwright.impl.FrameImpl.clickImpl(FrameImpl.java:252)
at com.microsoft.playwright.impl.FrameImpl.lambda$click$8(FrameImpl.java:243)
at com.microsoft.playwright.impl.LoggingSupport.lambda$withLogging$0(LoggingSupport.java:36)
at com.microsoft.playwright.impl.LoggingSupport.withLogging(LoggingSupport.java:47)
at com.microsoft.playwright.impl.ChannelOwner.withLogging(ChannelOwner.java:87)
at com.microsoft.playwright.impl.LoggingSupport.withLogging(LoggingSupport.java:35)
at com.microsoft.playwright.impl.FrameImpl.click(FrameImpl.java:243)
at com.microsoft.playwright.impl.LocatorImpl.click(LocatorImpl.java:132)
at com.microsoft.playwright.Locator.click(Locator.java:2268)
at com.qa.thesis.pages.LoginPage.DeleteHighSchool(LoginPage.java:171)
at com.qa.thesis.tests.HighSchool.DeleteHighSchool(HighSchool.java:25)
at java.base/java.util.ArrayList.forEach(ArrayList.java:1511)
at java.base/java.util.concurrent.FutureTask.run(FutureTask.java:264)
at java.base/java.util.concurrent.ThreadPoolExecutor.runWorker(ThreadPoolExecutor.java:1136)
at java.base/java.util.concurrent.ThreadPoolExecutor$Worker.run(ThreadPoolExecutor.java:635)
at java.base/java.lang.Thread.run(Thread.java:833)
Caused by: com.microsoft.playwright.impl.DriverException: Error {
  message='Error: strict mode violation: locator("#searchResults div").filter(new Locator.FilterOptions().setHasText("HighSchool1")) resolved to 2 elements:
    1) <div class="marqueeColumn">…</div> aka getByText("HighSchool1 High School Code").first()
    2) <div class="marqueeColumn">…</div> aka getByText("HighSchool1 High School Code").nth(1)

=========================== logs ===========================
waiting for locator("#searchResults div").filter(new Locator.FilterOptions().setHasText("HighSchool1"))
============================================================
  name='Error
  stack='Error: Error: strict mode violation: locator("#searchResults div").filter(new Locator.FilterOptions().setHasText("HighSchool1")) resolved to 2 elements:
    1) <div class="marqueeColumn">…</div> aka getByText("HighSchool1 High School Code").first()
    2) <div class="marqueeColumn">…</div> aka getByText("HighSchool1 High School Code").nth(1)

=========================== logs ===========================
waiting for locator("#searchResults div").filter(new Locator.FilterOptions().setHasText("HighSchool1"))
============================================================
    at CRExecutionContext.evaluateWithArguments (C:\Users\SURYA~1.MAH\AppData\Local\Temp\playwright-java-12552095701624826904\package\lib\server\chromium\crExecutionContext.js:92:33)
    at async ScopedRace._race (C:\Users\SURYA~1.MAH\AppData\Local\Temp\playwright-java-12552095701624826904\package\lib\utils\manualPromise.js:80:14)
    at async evaluateExpression (C:\Users\SURYA~1.MAH\AppData\Local\Temp\playwright-java-12552095701624826904\package\lib\server\javascript.js:234:12)
    at async C:\Users\SURYA~1.MAH\AppData\Local\Temp\playwright-java-12552095701624826904\package\lib\server\frames.js:945:22
    at async Frame.retryWithProgressAndTimeouts (C:\Users\SURYA~1.MAH\AppData\Local\Temp\playwright-java-12552095701624826904\package\lib\server\frames.js:916:24)
    at async C:\Users\SURYA~1.MAH\AppData\Local\Temp\playwright-java-12552095701624826904\package\lib\server\frames.js:1000:29
    at async ProgressController.run (C:\Users\SURYA~1.MAH\AppData\Local\Temp\playwright-java-12552095701624826904\package\lib\server\progress.js:92:22)
    at async FrameDispatcher.click (C:\Users\SURYA~1.MAH\AppData\Local\Temp\playwright-java-12552095701624826904\package\lib\server\dispatchers\frameDispatcher.js:149:12)
    at async DispatcherConnection.dispatch (C:\Users\SURYA~1.MAH\AppData\Local\Temp\playwright-java-12552095701624826904\package\lib\server\dispatchers\dispatcher.js:312:22)
}
at com.microsoft.playwright.impl.Connection.dispatch(Connection.java:226)
at com.microsoft.playwright.impl.Connection.processOneMessage(Connection.java:206)
at com.microsoft.playwright.impl.ChannelOwner.runUntil(ChannelOwner.java:109)
... 35 more
... Removed 17 stack frames]]>
    </failure>
  </testcase> <!-- DeleteHighSchool -->
  <testcase classname="com.qa.thesis.tests.DiscountPlan" name="DeleteDiscountPlan" time="0.0">
    <ignored/>
  </testcase> <!-- DeleteDiscountPlan -->
  <testcase classname="com.qa.thesis.tests.Discount" name="CreateDiscount1" time="0.0">
    <ignored/>
  </testcase> <!-- CreateDiscount1 -->
  <testcase classname="com.qa.thesis.tests.HoldType" name="DeletHoldType" time="0.0">
    <ignored/>
  </testcase> <!-- DeletHoldType -->
  <testcase classname="com.qa.thesis.tests.DiscountPlan" name="CreateDiscountPlan" time="0.0">
    <ignored/>
  </testcase> <!-- CreateDiscountPlan -->
  <testcase classname="com.qa.thesis.base.BaseTest" name="@BeforeTest setup" time="0.0">
    <ignored/>
  </testcase> <!-- @BeforeTest setup -->
  <testcase classname="com.qa.thesis.tests.HoldType" name="CreateHoldType" time="0.0">
    <ignored/>
  </testcase> <!-- CreateHoldType -->
  <testcase classname="com.qa.thesis.base.BaseTest" name="@BeforeTest setup" time="0.0">
    <ignored/>
  </testcase> <!-- @BeforeTest setup -->
  <testcase classname="com.qa.thesis.base.BaseTest" name="@BeforeTest setup" time="0.0">
    <ignored/>
  </testcase> <!-- @BeforeTest setup -->
  <testcase classname="com.qa.thesis.base.BaseTest" name="@BeforeTest setup" time="0.0">
    <ignored/>
  </testcase> <!-- @BeforeTest setup -->
  <testcase classname="com.qa.thesis.tests.Discount" name="DeleteDiscount2" time="0.0">
    <ignored/>
  </testcase> <!-- DeleteDiscount2 -->
</testsuite> <!-- regression -->
