<?xml version="1.0" encoding="UTF-8"?>
<!-- Generated by org.testng.reporters.JUnitReportReporter -->
<testsuite hostname="del1-lhp-n70285" failures="0" tests="7" name="com.qa.thesis.tests.DataCreation" time="2232.208" errors="3" timestamp="2024-06-27T20:38:42 IST" skipped="0">
  <testcase classname="com.qa.thesis.tests.DataCreation" name="dataCreation" time="390.395"/>
  <system-out/>
  <testcase classname="com.qa.thesis.tests.DataCreation" name="dataCreation" time="422.312"/>
  <system-out/>
  <testcase classname="com.qa.thesis.tests.DataCreation" name="dataCreation" time="417.898"/>
  <system-out/>
  <testcase classname="com.qa.thesis.tests.DataCreation" name="dataCreation" time="159.011">
    <error message="Error {
  message=&#039;Timeout 100000ms exceeded.
=========================== logs ===========================
waiting for getByRole(AriaRole.BUTTON, new Page.GetByRoleOptions().setName(&quot;Show Search Results Widget&quot;))
============================================================
  name=&#039;TimeoutError
  stack=&#039;TimeoutError: Timeout 100000ms exceeded.
=========================== logs ===========================
waiting for getByRole(AriaRole.BUTTON, new Page.GetByRoleOptions().setName(&quot;Show Search Results Widget&quot;))
============================================================
    at ProgressController.run (C:\Users\SURYA~1.MAH\AppData\Local\Temp\playwright-java-3916118544389455505\package\lib\server\progress.js:88:26)
    at Frame.click (C:\Users\SURYA~1.MAH\AppData\Local\Temp\playwright-java-3916118544389455505\package\lib\server\frames.js:999:23)
    at FrameDispatcher.click (C:\Users\SURYA~1.MAH\AppData\Local\Temp\playwright-java-3916118544389455505\package\lib\server\dispatchers\frameDispatcher.js:149:30)
    at DispatcherConnection.dispatch (C:\Users\SURYA~1.MAH\AppData\Local\Temp\playwright-java-3916118544389455505\package\lib\server\dispatchers\dispatcher.js:312:46)
}" type="com.microsoft.playwright.TimeoutError">
      <![CDATA[com.microsoft.playwright.TimeoutError: Error {
  message='Timeout 100000ms exceeded.
=========================== logs ===========================
waiting for getByRole(AriaRole.BUTTON, new Page.GetByRoleOptions().setName("Show Search Results Widget"))
============================================================
  name='TimeoutError
  stack='TimeoutError: Timeout 100000ms exceeded.
=========================== logs ===========================
waiting for getByRole(AriaRole.BUTTON, new Page.GetByRoleOptions().setName("Show Search Results Widget"))
============================================================
    at ProgressController.run (C:\Users\SURYA~1.MAH\AppData\Local\Temp\playwright-java-3916118544389455505\package\lib\server\progress.js:88:26)
    at Frame.click (C:\Users\SURYA~1.MAH\AppData\Local\Temp\playwright-java-3916118544389455505\package\lib\server\frames.js:999:23)
    at FrameDispatcher.click (C:\Users\SURYA~1.MAH\AppData\Local\Temp\playwright-java-3916118544389455505\package\lib\server\dispatchers\frameDispatcher.js:149:30)
    at DispatcherConnection.dispatch (C:\Users\SURYA~1.MAH\AppData\Local\Temp\playwright-java-3916118544389455505\package\lib\server\dispatchers\dispatcher.js:312:46)
}
at com.microsoft.playwright.impl.WaitableResult.get(WaitableResult.java:52)
at com.microsoft.playwright.impl.ChannelOwner.runUntil(ChannelOwner.java:111)
at com.microsoft.playwright.impl.Connection.sendMessage(Connection.java:126)
at com.microsoft.playwright.impl.ChannelOwner.sendMessage(ChannelOwner.java:102)
at com.microsoft.playwright.impl.FrameImpl.clickImpl(FrameImpl.java:252)
at com.microsoft.playwright.impl.FrameImpl.lambda$click$8(FrameImpl.java:243)
at com.microsoft.playwright.impl.LoggingSupport.lambda$withLogging$0(LoggingSupport.java:36)
at com.microsoft.playwright.impl.LoggingSupport.withLogging(LoggingSupport.java:47)
at com.microsoft.playwright.impl.ChannelOwner.withLogging(ChannelOwner.java:87)
at com.microsoft.playwright.impl.LoggingSupport.withLogging(LoggingSupport.java:35)
at com.microsoft.playwright.impl.FrameImpl.click(FrameImpl.java:243)
at com.microsoft.playwright.impl.LocatorImpl.click(LocatorImpl.java:132)
at com.microsoft.playwright.Locator.click(Locator.java:2268)
at com.qa.thesis.pages.LoginPage.CreateCourseOffering(LoginPage.java:219)
at com.qa.thesis.tests.DataCreation.dataCreation(DataCreation.java:16)
at java.base/jdk.internal.reflect.NativeMethodAccessorImpl.invoke0(Native Method)
at java.base/jdk.internal.reflect.NativeMethodAccessorImpl.invoke(NativeMethodAccessorImpl.java:77)
at java.base/jdk.internal.reflect.DelegatingMethodAccessorImpl.invoke(DelegatingMethodAccessorImpl.java:43)
at java.base/java.lang.reflect.Method.invoke(Method.java:568)
at org.testng.internal.invokers.MethodInvocationHelper.invokeMethod(MethodInvocationHelper.java:139)
at org.testng.internal.invokers.TestInvoker.invokeMethod(TestInvoker.java:677)
at org.testng.internal.invokers.TestInvoker.invokeTestMethod(TestInvoker.java:221)
at org.testng.internal.invokers.MethodRunner.runInSequence(MethodRunner.java:50)
at org.testng.internal.invokers.TestInvoker$MethodInvocationAgent.invoke(TestInvoker.java:969)
at org.testng.internal.invokers.TestInvoker.invokeTestMethods(TestInvoker.java:194)
at org.testng.internal.invokers.TestMethodWorker.invokeTestMethods(TestMethodWorker.java:148)
at org.testng.internal.invokers.TestMethodWorker.run(TestMethodWorker.java:128)
at java.base/java.util.ArrayList.forEach(ArrayList.java:1511)
at org.testng.TestRunner.privateRun(TestRunner.java:829)
at org.testng.TestRunner.run(TestRunner.java:602)
at org.testng.SuiteRunner.runTest(SuiteRunner.java:437)
at org.testng.SuiteRunner$SuiteWorker.run(SuiteRunner.java:475)
at org.testng.internal.thread.ThreadUtil.lambda$execute$0(ThreadUtil.java:58)
at java.base/java.util.concurrent.FutureTask.run(FutureTask.java:264)
at java.base/java.util.concurrent.ThreadPoolExecutor.runWorker(ThreadPoolExecutor.java:1136)
at java.base/java.util.concurrent.ThreadPoolExecutor$Worker.run(ThreadPoolExecutor.java:635)
at java.base/java.lang.Thread.run(Thread.java:833)
Caused by: com.microsoft.playwright.TimeoutError: Error {
  message='Timeout 100000ms exceeded.
=========================== logs ===========================
waiting for getByRole(AriaRole.BUTTON, new Page.GetByRoleOptions().setName("Show Search Results Widget"))
============================================================
  name='TimeoutError
  stack='TimeoutError: Timeout 100000ms exceeded.
=========================== logs ===========================
waiting for getByRole(AriaRole.BUTTON, new Page.GetByRoleOptions().setName("Show Search Results Widget"))
============================================================
    at ProgressController.run (C:\Users\SURYA~1.MAH\AppData\Local\Temp\playwright-java-3916118544389455505\package\lib\server\progress.js:88:26)
    at Frame.click (C:\Users\SURYA~1.MAH\AppData\Local\Temp\playwright-java-3916118544389455505\package\lib\server\frames.js:999:23)
    at FrameDispatcher.click (C:\Users\SURYA~1.MAH\AppData\Local\Temp\playwright-java-3916118544389455505\package\lib\server\dispatchers\frameDispatcher.js:149:30)
    at DispatcherConnection.dispatch (C:\Users\SURYA~1.MAH\AppData\Local\Temp\playwright-java-3916118544389455505\package\lib\server\dispatchers\dispatcher.js:312:46)
}
at com.microsoft.playwright.impl.Connection.dispatch(Connection.java:224)
at com.microsoft.playwright.impl.Connection.processOneMessage(Connection.java:206)
at com.microsoft.playwright.impl.ChannelOwner.runUntil(ChannelOwner.java:109)
... 35 more
]]>
    </error>
  </testcase> <!-- dataCreation -->
  <system-out/>
  <testcase classname="com.qa.thesis.tests.DataCreation" name="Logout" time="100.059">
    <error message="Error {
  message=&#039;Timeout 100000ms exceeded.
=========================== logs ===========================
waiting for getByRole(AriaRole.BUTTON, new Page.GetByRoleOptions().setName(&quot;Profile Menu&quot;))
  locator resolved to &lt;button type=&quot;button&quot;&gt;…&lt;/button&gt;
attempting click action
  waiting for element to be visible, enabled and stable
  element is visible, enabled and stable
  scrolling into view if needed
  done scrolling
  &lt;div class=&quot;ui-widget-overlay ui-front&quot;&gt;&lt;/div&gt; intercepts pointer events
retrying click action, attempt #1
  waiting for element to be visible, enabled and stable
  element is visible, enabled and stable
  scrolling into view if needed
  done scrolling
  &lt;div class=&quot;ui-widget-overlay ui-front&quot;&gt;&lt;/div&gt; intercepts pointer events
retrying click action, attempt #2
  waiting 20ms
  waiting for element to be visible, enabled and stable
  element is visible, enabled and stable
  scrolling into view if needed
  done scrolling
  &lt;div class=&quot;ui-widget-overlay ui-front&quot;&gt;&lt;/div&gt; intercepts pointer events
retrying click action, attempt #3
  waiting 100ms
  waiting for element to be visible, enabled and stable
  element is visible, enabled and stable
  scrolling into view if needed
  done scrolling
  &lt;div class=&quot;ui-widget-overlay ui-front&quot;&gt;&lt;/div&gt; intercepts pointer events
retrying click action, attempt #4
  waiting 100ms
  waiting for element to be visible, enabled and stable
  element is visible, enabled and stable
  scrolling into view if needed
  done scrolling
  &lt;div class=&quot;ui-widget-overlay ui-front&quot;&gt;&lt;/div&gt; intercepts pointer events
retrying click action, attempt #5
  waiting 500ms
  waiting for element to be visible, enabled and stable
  element is visible, enabled and stable
  scrolling into view if needed
  done scrolling
  &lt;div class=&quot;ui-widget-overlay ui-front&quot;&gt;&lt;/div&gt; intercepts pointer events
retrying click action, attempt #6
  waiting 500ms
  waiting for element to be visible, enabled and stable
  element is visible, enabled and stable
  scrolling into view if needed
  done scrolling
  &lt;div class=&quot;ui-widget-overlay ui-front&quot;&gt;&lt;/div&gt; intercepts pointer events
retrying click action, attempt #7
  waiting 500ms
  waiting for element to be visible, enabled and stable
  element is visible, enabled and stable
  scrolling into view if needed
  done scrolling
  &lt;div class=&quot;ui-widget-overlay ui-front&quot;&gt;&lt;/div&gt; intercepts pointer events
retrying click action, attempt #8
  waiting 500ms
  waiting for element to be visible, enabled and stable
  element is visible, enabled and stable
  scrolling into view if needed
  done scrolling
  &lt;div class=&quot;ui-widget-overlay ui-front&quot;&gt;&lt;/div&gt; intercepts pointer events
retrying click action, attempt #9
  waiting 500ms
  waiting for element to be visible, enabled and stable
  element is visible, enabled and stable
  scrolling into view if needed
  done scrolling
  &lt;div class=&quot;ui-widget-overlay ui-front&quot;&gt;&lt;/div&gt; intercepts pointer events
retrying click action, attempt #10
  waiting 500ms
  waiting for element to be visible, enabled and stable
  element is visible, enabled and stable
  scrolling into view if needed
  done scrolling
  &lt;div class=&quot;ui-widget-overlay ui-front&quot;&gt;&lt;/div&gt; intercepts pointer events
retrying click action, attempt #11
  waiting 500ms
  waiting for element to be visible, enabled and stable
  element is visible, enabled and stable
  scrolling into view if needed
  done scrolling
  &lt;div class=&quot;ui-widget-overlay ui-front&quot;&gt;&lt;/div&gt; intercepts pointer events
retrying click action, attempt #12
  waiting 500ms
  waiting for element to be visible, enabled and stable
  element is visible, enabled and stable
  scrolling into view if needed
  done scrolling
  &lt;div class=&quot;ui-widget-overlay ui-front&quot;&gt;&lt;/div&gt; intercepts pointer events
retrying click action, attempt #13
  waiting 500ms
  waiting for element to be visible, enabled and stable
  element is visible, enabled and stable
  scrolling into view if needed
  done scrolling
  &lt;div class=&quot;ui-widget-overlay ui-front&quot;&gt;&lt;/div&gt; intercepts pointer events
retrying click action, attempt #14
  waiting 500ms
  waiting for element to be visible, enabled and stable
  element is visible, enabled and stable
  scrolling into view if needed
  done scrolling
  &lt;div class=&quot;ui-widget-overlay ui-front&quot;&gt;&lt;/div&gt; intercepts pointer events
retrying click action, attempt #15
  waiting 500ms
  waiting for element to be visible, enabled and stable
  element is visible, enabled and stable
  scrolling into view if needed
  done scrolling
  &lt;div class=&quot;ui-widget-overlay ui-front&quot;&gt;&lt;/div&gt; intercepts pointer events
retrying click action, attempt #16
  waiting 500ms
  waiting for element to be visible, enabled and stable
  element is visible, enabled and stable
  scrolling into view if needed
  done scrolling
  &lt;div class=&quot;ui-widget-overlay ui-front&quot;&gt;&lt;/div&gt; intercepts pointer events
retrying click action, attempt #17
  waiting 500ms
  waiting for element to be visible, enabled and stable
  element is visible, enabled and stable
  scrolling into view if needed
  done scrolling
  &lt;div class=&quot;ui-widget-overlay ui-front&quot;&gt;&lt;/div&gt; intercepts pointer events
retrying click action, attempt #18
  waiting 500ms
  waiting for element to be visible, enabled and stable
  element is visible, enabled and stable
  scrolling into view if needed
  done scrolling
  &lt;div class=&quot;ui-widget-overlay ui-front&quot;&gt;&lt;/div&gt; intercepts pointer events
retrying click action, attempt #19
  waiting 500ms
  waiting for element to be visible, enabled and stable
  element is visible, enabled and stable
  scrolling into view if needed
  done scrolling
  &lt;div class=&quot;ui-widget-overlay ui-front&quot;&gt;&lt;/div&gt; intercepts pointer events
retrying click action, attempt #20
  waiting 500ms
  waiting for element to be visible, enabled and stable
  element is visible, enabled and stable
  scrolling into view if needed
  done scrolling
  &lt;div class=&quot;ui-widget-overlay ui-front&quot;&gt;&lt;/div&gt; intercepts pointer events
retrying click action, attempt #21
  waiting 500ms
  waiting for element to be visible, enabled and stable
  element is visible, enabled and stable
  scrolling into view if needed
  done scrolling
  &lt;div class=&quot;ui-widget-overlay ui-front&quot;&gt;&lt;/div&gt; intercepts pointer events
retrying click action, attempt #22
  waiting 500ms
  waiting for element to be visible, enabled and stable
  element is visible, enabled and stable
  scrolling into view if needed
  done scrolling
  &lt;div class=&quot;ui-widget-overlay ui-front&quot;&gt;&lt;/div&gt; intercepts pointer events
retrying click action, attempt #23
  waiting 500ms
  waiting for element to be visible, enabled and stable
  element is visible, enabled and stable
  scrolling into view if needed
  done scrolling
  &lt;div class=&quot;ui-widget-overlay ui-front&quot;&gt;&lt;/div&gt; intercepts pointer events
retrying click action, attempt #24
  waiting 500ms
  waiting for element to be visible, enabled and stable
  element is visible, enabled and stable
  scrolling into view if needed
  done scrolling
  &lt;div class=&quot;ui-widget-overlay ui-front&quot;&gt;&lt;/div&gt; intercepts pointer events
retrying click action, attempt #25
  waiting 500ms
  waiting for element to be visible, enabled and stable
  element is visible, enabled and stable
  scrolling into view if needed
  done scrolling
  &lt;div class=&quot;ui-widget-overlay ui-front&quot;&gt;&lt;/div&gt; intercepts pointer events
retrying click action, attempt #26
  waiting 500ms
  waiting for element to be visible, enabled and stable
  element is visible, enabled and stable
  scrolling into view if needed
  done scrolling
  &lt;div class=&quot;ui-widget-overlay ui-front&quot;&gt;&lt;/div&gt; intercepts pointer events
retrying click action, attempt #27
  waiting 500ms
  waiting for element to be visible, enabled and stable
  element is visible, enabled and stable
  scrolling into view if needed
  done scrolling
  &lt;div class=&quot;ui-widget-overlay ui-front&quot;&gt;&lt;/div&gt; intercepts pointer events
retrying click action, attempt #28
  waiting 500ms
  waiting for element to be visible, enabled and stable
  element is visible, enabled and stable
  scrolling into view if needed
  done scrolling
  &lt;div class=&quot;ui-widget-overlay ui-front&quot;&gt;&lt;/div&gt; intercepts pointer events
retrying click action, attempt #29
  waiting 500ms
  waiting for element to be visible, enabled and stable
  element is visible, enabled and stable
  scrolling into view if needed
  done scrolling
  &lt;div class=&quot;ui-widget-overlay ui-front&quot;&gt;&lt;/div&gt; intercepts pointer events
retrying click action, attempt #30
  waiting 500ms
  waiting for element to be visible, enabled and stable
  element is visible, enabled and stable
  scrolling into view if needed
  done scrolling
  &lt;div class=&quot;ui-widget-overlay ui-front&quot;&gt;&lt;/div&gt; intercepts pointer events
retrying click action, attempt #31
  waiting 500ms
  waiting for element to be visible, enabled and stable
  element is visible, enabled and stable
  scrolling into view if needed
  done scrolling
  &lt;div class=&quot;ui-widget-overlay ui-front&quot;&gt;&lt;/div&gt; intercepts pointer events
retrying click action, attempt #32
  waiting 500ms
  waiting for element to be visible, enabled and stable
  element is visible, enabled and stable
  scrolling into view if needed
  done scrolling
  &lt;div class=&quot;ui-widget-overlay ui-front&quot;&gt;&lt;/div&gt; intercepts pointer events
retrying click action, attempt #33
  waiting 500ms
  waiting for element to be visible, enabled and stable
  element is visible, enabled and stable
  scrolling into view if needed
  done scrolling
  &lt;div class=&quot;ui-widget-overlay ui-front&quot;&gt;&lt;/div&gt; intercepts pointer events
retrying click action, attempt #34
  waiting 500ms
  waiting for element to be visible, enabled and stable
  element is visible, enabled and stable
  scrolling into view if needed
  done scrolling
  &lt;div class=&quot;ui-widget-overlay ui-front&quot;&gt;&lt;/div&gt; intercepts pointer events
retrying click action, attempt #35
  waiting 500ms
  waiting for element to be visible, enabled and stable
  element is visible, enabled and stable
  scrolling into view if needed
  done scrolling
  &lt;div class=&quot;ui-widget-overlay ui-front&quot;&gt;&lt;/div&gt; intercepts pointer events
retrying click action, attempt #36
  waiting 500ms
  waiting for element to be visible, enabled and stable
  element is visible, enabled and stable
  scrolling into view if needed
  done scrolling
  &lt;div class=&quot;ui-widget-overlay ui-front&quot;&gt;&lt;/div&gt; intercepts pointer events
retrying click action, attempt #37
  waiting 500ms
  waiting for element to be visible, enabled and stable
  element is visible, enabled and stable
  scrolling into view if needed
  done scrolling
  &lt;div class=&quot;ui-widget-overlay ui-front&quot;&gt;&lt;/div&gt; intercepts pointer events
retrying click action, attempt #38
  waiting 500ms
  waiting for element to be visible, enabled and stable
  element is visible, enabled and stable
  scrolling into view if needed
  done scrolling
  &lt;div class=&quot;ui-widget-overlay ui-front&quot;&gt;&lt;/div&gt; intercepts pointer events
retrying click action, attempt #39
  waiting 500ms
  waiting for element to be visible, enabled and stable
  element is visible, enabled and stable
  scrolling into view if needed
  done scrolling
  &lt;div class=&quot;ui-widget-overlay ui-front&quot;&gt;&lt;/div&gt; intercepts pointer events
retrying click action, attempt #40
  waiting 500ms
  waiting for element to be visible, enabled and stable
  element is visible, enabled and stable
  scrolling into view if needed
  done scrolling
  &lt;div class=&quot;ui-widget-overlay ui-front&quot;&gt;&lt;/div&gt; intercepts pointer events
retrying click action, attempt #41
  waiting 500ms
  waiting for element to be visible, enabled and stable
  element is visible, enabled and stable
  scrolling into view if needed
  done scrolling
  &lt;div class=&quot;ui-widget-overlay ui-front&quot;&gt;&lt;/div&gt; intercepts pointer events
retrying click action, attempt #42
  waiting 500ms
  waiting for element to be visible, enabled and stable
  element is visible, enabled and stable
  scrolling into view if needed
  done scrolling
  &lt;div class=&quot;ui-widget-overlay ui-front&quot;&gt;&lt;/div&gt; intercepts pointer events
retrying click action, attempt #43
  waiting 500ms
  waiting for element to be visible, enabled and stable
  element is visible, enabled and stable
  scrolling into view if needed
  done scrolling
  &lt;div class=&quot;ui-widget-overlay ui-front&quot;&gt;&lt;/div&gt; intercepts pointer events
retrying click action, attempt #44
  waiting 500ms
  waiting for element to be visible, enabled and stable
  element is visible, enabled and stable
  scrolling into view if needed
  done scrolling
  &lt;div class=&quot;ui-widget-overlay ui-front&quot;&gt;&lt;/div&gt; intercepts pointer events
retrying click action, attempt #45
  waiting 500ms
  waiting for element to be visible, enabled and stable
  element is visible, enabled and stable
  scrolling into view if needed
  done scrolling
  &lt;div class=&quot;ui-widget-overlay ui-front&quot;&gt;&lt;/div&gt; intercepts pointer events
retrying click action, attempt #46
  waiting 500ms
  waiting for element to be visible, enabled and stable
  element is visible, enabled and stable
  scrolling into view if needed
  done scrolling
  &lt;div class=&quot;ui-widget-overlay ui-front&quot;&gt;&lt;/div&gt; intercepts pointer events
retrying click action, attempt #47
  waiting 500ms
  waiting for element to be visible, enabled and stable
  element is visible, enabled and stable
  scrolling into view if needed
  done scrolling
  &lt;div class=&quot;ui-widget-overlay ui-front&quot;&gt;&lt;/div&gt; intercepts pointer events
retrying click action, attempt #48
  waiting 500ms
  waiting for element to be visible, enabled and stable
  element is visible, enabled and stable
  scrolling into view if needed
  done scrolling
  &lt;div class=&quot;ui-widget-overlay ui-front&quot;&gt;&lt;/div&gt; intercepts pointer events
retrying click action, attempt #49
  waiting 500ms
  waiting for element to be visible, enabled and stable
  element is visible, enabled and stable
  scrolling into view if needed
  done scrolling
  &lt;div class=&quot;ui-widget-overlay ui-front&quot;&gt;&lt;/div&gt; intercepts pointer events
retrying click action, attempt #50
  waiting 500ms
  waiting for element to be visible, enabled and stable
  element is visible, enabled and stable
  scrolling into view if needed
  done scrolling
  &lt;div class=&quot;ui-widget-overlay ui-front&quot;&gt;&lt;/div&gt; intercepts pointer events
retrying click action, attempt #51
  waiting 500ms
  waiting for element to be visible, enabled and stable
  element is visible, enabled and stable
  scrolling into view if needed
  done scrolling
  &lt;div class=&quot;ui-widget-overlay ui-front&quot;&gt;&lt;/div&gt; intercepts pointer events
retrying click action, attempt #52
  waiting 500ms
  waiting for element to be visible, enabled and stable
  element is visible, enabled and stable
  scrolling into view if needed
  done scrolling
  &lt;div class=&quot;ui-widget-overlay ui-front&quot;&gt;&lt;/div&gt; intercepts pointer events
retrying click action, attempt #53
  waiting 500ms
  waiting for element to be visible, enabled and stable
  element is visible, enabled and stable
  scrolling into view if needed
  done scrolling
  &lt;div class=&quot;ui-widget-overlay ui-front&quot;&gt;&lt;/div&gt; intercepts pointer events
retrying click action, attempt #54
  waiting 500ms
  waiting for element to be visible, enabled and stable
  element is visible, enabled and stable
  scrolling into view if needed
  done scrolling
  &lt;div class=&quot;ui-widget-overlay ui-front&quot;&gt;&lt;/div&gt; intercepts pointer events
retrying click action, attempt #55
  waiting 500ms
  waiting for element to be visible, enabled and stable
  element is visible, enabled and stable
  scrolling into view if needed
  done scrolling
  &lt;div class=&quot;ui-widget-overlay ui-front&quot;&gt;&lt;/div&gt; intercepts pointer events
retrying click action, attempt #56
  waiting 500ms
  waiting for element to be visible, enabled and stable
  element is visible, enabled and stable
  scrolling into view if needed
  done scrolling
  &lt;div class=&quot;ui-widget-overlay ui-front&quot;&gt;&lt;/div&gt; intercepts pointer events
retrying click action, attempt #57
  waiting 500ms
  waiting for element to be visible, enabled and stable
  element is visible, enabled and stable
  scrolling into view if needed
  done scrolling
  &lt;div class=&quot;ui-widget-overlay ui-front&quot;&gt;&lt;/div&gt; intercepts pointer events
retrying click action, attempt #58
  waiting 500ms
  waiting for element to be visible, enabled and stable
  element is visible, enabled and stable
  scrolling into view if needed
  done scrolling
  &lt;div class=&quot;ui-widget-overlay ui-front&quot;&gt;&lt;/div&gt; intercepts pointer events
retrying click action, attempt #59
  waiting 500ms
  waiting for element to be visible, enabled and stable
  element is visible, enabled and stable
  scrolling into view if needed
  done scrolling
  &lt;div class=&quot;ui-widget-overlay ui-front&quot;&gt;&lt;/div&gt; intercepts pointer events
retrying click action, attempt #60
  waiting 500ms
  waiting for element to be visible, enabled and stable
  element is visible, enabled and stable
  scrolling into view if needed
  done scrolling
  &lt;div class=&quot;ui-widget-overlay ui-front&quot;&gt;&lt;/div&gt; intercepts pointer events
retrying click action, attempt #61
  waiting 500ms
  waiting for element to be visible, enabled and stable
  element is visible, enabled and stable
  scrolling into view if needed
  done scrolling
  &lt;div class=&quot;ui-widget-overlay ui-front&quot;&gt;&lt;/div&gt; intercepts pointer events
retrying click action, attempt #62
  waiting 500ms
  waiting for element to be visible, enabled and stable
  element is visible, enabled and stable
  scrolling into view if needed
  done scrolling
  &lt;div class=&quot;ui-widget-overlay ui-front&quot;&gt;&lt;/div&gt; intercepts pointer events
retrying click action, attempt #63
  waiting 500ms
  waiting for element to be visible, enabled and stable
  element is visible, enabled and stable
  scrolling into view if needed
  done scrolling
  &lt;div class=&quot;ui-widget-overlay ui-front&quot;&gt;&lt;/div&gt; intercepts pointer events
retrying click action, attempt #64
  waiting 500ms
  waiting for element to be visible, enabled and stable
  element is visible, enabled and stable
  scrolling into view if needed
  done scrolling
  &lt;div class=&quot;ui-widget-overlay ui-front&quot;&gt;&lt;/div&gt; intercepts pointer events
retrying click action, attempt #65
  waiting 500ms
  waiting for element to be visible, enabled and stable
  element is visible, enabled and stable
  scrolling into view if needed
  done scrolling
  &lt;div class=&quot;ui-widget-overlay ui-front&quot;&gt;&lt;/div&gt; intercepts pointer events
retrying click action, attempt #66
  waiting 500ms
  waiting for element to be visible, enabled and stable
  element is visible, enabled and stable
  scrolling into view if needed
  done scrolling
  &lt;div class=&quot;ui-widget-overlay ui-front&quot;&gt;&lt;/div&gt; intercepts pointer events
retrying click action, attempt #67
  waiting 500ms
  waiting for element to be visible, enabled and stable
  element is visible, enabled and stable
  scrolling into view if needed
  done scrolling
  &lt;div class=&quot;ui-widget-overlay ui-front&quot;&gt;&lt;/div&gt; intercepts pointer events
retrying click action, attempt #68
  waiting 500ms
  waiting for element to be visible, enabled and stable
  element is visible, enabled and stable
  scrolling into view if needed
  done scrolling
  &lt;div class=&quot;ui-widget-overlay ui-front&quot;&gt;&lt;/div&gt; intercepts pointer events
retrying click action, attempt #69
  waiting 500ms
  waiting for element to be visible, enabled and stable
  element is visible, enabled and stable
  scrolling into view if needed
  done scrolling
  &lt;div class=&quot;ui-widget-overlay ui-front&quot;&gt;&lt;/div&gt; intercepts pointer events
retrying click action, attempt #70
  waiting 500ms
  waiting for element to be visible, enabled and stable
  element is visible, enabled and stable
  scrolling into view if needed
  done scrolling
  &lt;div class=&quot;ui-widget-overlay ui-front&quot;&gt;&lt;/div&gt; intercepts pointer events
retrying click action, attempt #71
  waiting 500ms
  waiting for element to be visible, enabled and stable
  element is visible, enabled and stable
  scrolling into view if needed
  done scrolling
  &lt;div class=&quot;ui-widget-overlay ui-front&quot;&gt;&lt;/div&gt; intercepts pointer events
retrying click action, attempt #72
  waiting 500ms
  waiting for element to be visible, enabled and stable
  element is visible, enabled and stable
  scrolling into view if needed
  done scrolling
  &lt;div class=&quot;ui-widget-overlay ui-front&quot;&gt;&lt;/div&gt; intercepts pointer events
retrying click action, attempt #73
  waiting 500ms
  waiting for element to be visible, enabled and stable
  element is visible, enabled and stable
  scrolling into view if needed
  done scrolling
  &lt;div class=&quot;ui-widget-overlay ui-front&quot;&gt;&lt;/div&gt; intercepts pointer events
retrying click action, attempt #74
  waiting 500ms
  waiting for element to be visible, enabled and stable
  element is visible, enabled and stable
  scrolling into view if needed
  done scrolling
  &lt;div class=&quot;ui-widget-overlay ui-front&quot;&gt;&lt;/div&gt; intercepts pointer events
retrying click action, attempt #75
  waiting 500ms
  waiting for element to be visible, enabled and stable
  element is visible, enabled and stable
  scrolling into view if needed
  done scrolling
  &lt;div class=&quot;ui-widget-overlay ui-front&quot;&gt;&lt;/div&gt; intercepts pointer events
retrying click action, attempt #76
  waiting 500ms
  waiting for element to be visible, enabled and stable
  element is visible, enabled and stable
  scrolling into view if needed
  done scrolling
  &lt;div class=&quot;ui-widget-overlay ui-front&quot;&gt;&lt;/div&gt; intercepts pointer events
retrying click action, attempt #77
  waiting 500ms
  waiting for element to be visible, enabled and stable
  element is visible, enabled and stable
  scrolling into view if needed
  done scrolling
  &lt;div class=&quot;ui-widget-overlay ui-front&quot;&gt;&lt;/div&gt; intercepts pointer events
retrying click action, attempt #78
  waiting 500ms
  waiting for element to be visible, enabled and stable
  element is visible, enabled and stable
  scrolling into view if needed
  done scrolling
  &lt;div class=&quot;ui-widget-overlay ui-front&quot;&gt;&lt;/div&gt; intercepts pointer events
retrying click action, attempt #79
  waiting 500ms
  waiting for element to be visible, enabled and stable
  element is visible, enabled and stable
  scrolling into view if needed
  done scrolling
  &lt;div class=&quot;ui-widget-overlay ui-front&quot;&gt;&lt;/div&gt; intercepts pointer events
retrying click action, attempt #80
  waiting 500ms
  waiting for element to be visible, enabled and stable
  element is visible, enabled and stable
  scrolling into view if needed
  done scrolling
  &lt;div class=&quot;ui-widget-overlay ui-front&quot;&gt;&lt;/div&gt; intercepts pointer events
retrying click action, attempt #81
  waiting 500ms
  waiting for element to be visible, enabled and stable
  element is visible, enabled and stable
  scrolling into view if needed
  done scrolling
  &lt;div class=&quot;ui-widget-overlay ui-front&quot;&gt;&lt;/div&gt; intercepts pointer events
retrying click action, attempt #82
  waiting 500ms
  waiting for element to be visible, enabled and stable
  element is visible, enabled and stable
  scrolling into view if needed
  done scrolling
  &lt;div class=&quot;ui-widget-overlay ui-front&quot;&gt;&lt;/div&gt; intercepts pointer events
retrying click action, attempt #83
  waiting 500ms
  waiting for element to be visible, enabled and stable
  element is visible, enabled and stable
  scrolling into view if needed
  done scrolling
  &lt;div class=&quot;ui-widget-overlay ui-front&quot;&gt;&lt;/div&gt; intercepts pointer events
retrying click action, attempt #84
  waiting 500ms
  waiting for element to be visible, enabled and stable
  element is visible, enabled and stable
  scrolling into view if needed
  done scrolling
  &lt;div class=&quot;ui-widget-overlay ui-front&quot;&gt;&lt;/div&gt; intercepts pointer events
retrying click action, attempt #85
  waiting 500ms
  waiting for element to be visible, enabled and stable
  element is visible, enabled and stable
  scrolling into view if needed
  done scrolling
  &lt;div class=&quot;ui-widget-overlay ui-front&quot;&gt;&lt;/div&gt; intercepts pointer events
retrying click action, attempt #86
  waiting 500ms
  waiting for element to be visible, enabled and stable
  element is visible, enabled and stable
  scrolling into view if needed
  done scrolling
  &lt;div class=&quot;ui-widget-overlay ui-front&quot;&gt;&lt;/div&gt; intercepts pointer events
retrying click action, attempt #87
  waiting 500ms
  waiting for element to be visible, enabled and stable
  element is visible, enabled and stable
  scrolling into view if needed
  done scrolling
  &lt;div class=&quot;ui-widget-overlay ui-front&quot;&gt;&lt;/div&gt; intercepts pointer events
retrying click action, attempt #88
  waiting 500ms
  waiting for element to be visible, enabled and stable
  element is visible, enabled and stable
  scrolling into view if needed
  done scrolling
  &lt;div class=&quot;ui-widget-overlay ui-front&quot;&gt;&lt;/div&gt; intercepts pointer events
retrying click action, attempt #89
  waiting 500ms
  waiting for element to be visible, enabled and stable
  element is visible, enabled and stable
  scrolling into view if needed
  done scrolling
  &lt;div class=&quot;ui-widget-overlay ui-front&quot;&gt;&lt;/div&gt; intercepts pointer events
retrying click action, attempt #90
  waiting 500ms
  waiting for element to be visible, enabled and stable
  element is visible, enabled and stable
  scrolling into view if needed
  done scrolling
  &lt;div class=&quot;ui-widget-overlay ui-front&quot;&gt;&lt;/div&gt; intercepts pointer events
retrying click action, attempt #91
  waiting 500ms
  waiting for element to be visible, enabled and stable
  element is visible, enabled and stable
  scrolling into view if needed
  done scrolling
  &lt;div class=&quot;ui-widget-overlay ui-front&quot;&gt;&lt;/div&gt; intercepts pointer events
retrying click action, attempt #92
  waiting 500ms
  waiting for element to be visible, enabled and stable
  element is visible, enabled and stable
  scrolling into view if needed
  done scrolling
  &lt;div class=&quot;ui-widget-overlay ui-front&quot;&gt;&lt;/div&gt; intercepts pointer events
retrying click action, attempt #93
  waiting 500ms
  waiting for element to be visible, enabled and stable
  element is visible, enabled and stable
  scrolling into view if needed
  done scrolling
  &lt;div class=&quot;ui-widget-overlay ui-front&quot;&gt;&lt;/div&gt; intercepts pointer events
retrying click action, attempt #94
  waiting 500ms
  waiting for element to be visible, enabled and stable
  element is visible, enabled and stable
  scrolling into view if needed
  done scrolling
  &lt;div class=&quot;ui-widget-overlay ui-front&quot;&gt;&lt;/div&gt; intercepts pointer events
retrying click action, attempt #95
  waiting 500ms
  waiting for element to be visible, enabled and stable
  element is visible, enabled and stable
  scrolling into view if needed
  done scrolling
  &lt;div class=&quot;ui-widget-overlay ui-front&quot;&gt;&lt;/div&gt; intercepts pointer events
retrying click action, attempt #96
  waiting 500ms
  waiting for element to be visible, enabled and stable
  element is visible, enabled and stable
  scrolling into view if needed
  done scrolling
  &lt;div class=&quot;ui-widget-overlay ui-front&quot;&gt;&lt;/div&gt; intercepts pointer events
retrying click action, attempt #97
  waiting 500ms
  waiting for element to be visible, enabled and stable
  element is visible, enabled and stable
  scrolling into view if needed
  done scrolling
  &lt;div class=&quot;ui-widget-overlay ui-front&quot;&gt;&lt;/div&gt; intercepts pointer events
retrying click action, attempt #98
  waiting 500ms
  waiting for element to be visible, enabled and stable
  element is visible, enabled and stable
  scrolling into view if needed
  done scrolling
  &lt;div class=&quot;ui-widget-overlay ui-front&quot;&gt;&lt;/div&gt; intercepts pointer events
retrying click action, attempt #99
  waiting 500ms
  waiting for element to be visible, enabled and stable
  element is visible, enabled and stable
  scrolling into view if needed
  done scrolling
  &lt;div class=&quot;ui-widget-overlay ui-front&quot;&gt;&lt;/div&gt; intercepts pointer events
retrying click action, attempt #100
  waiting 500ms
  waiting for element to be visible, enabled and stable
  element is visible, enabled and stable
  scrolling into view if needed
  done scrolling
  &lt;div class=&quot;ui-widget-overlay ui-front&quot;&gt;&lt;/div&gt; intercepts pointer events
retrying click action, attempt #101
  waiting 500ms
  waiting for element to be visible, enabled and stable
  element is visible, enabled and stable
  scrolling into view if needed
  done scrolling
  &lt;div class=&quot;ui-widget-overlay ui-front&quot;&gt;&lt;/div&gt; intercepts pointer events
retrying click action, attempt #102
  waiting 500ms
  waiting for element to be visible, enabled and stable
  element is visible, enabled and stable
  scrolling into view if needed
  done scrolling
  &lt;div class=&quot;ui-widget-overlay ui-front&quot;&gt;&lt;/div&gt; intercepts pointer events
retrying click action, attempt #103
  waiting 500ms
  waiting for element to be visible, enabled and stable
  element is visible, enabled and stable
  scrolling into view if needed
  done scrolling
  &lt;div class=&quot;ui-widget-overlay ui-front&quot;&gt;&lt;/div&gt; intercepts pointer events
retrying click action, attempt #104
  waiting 500ms
  waiting for element to be visible, enabled and stable
  element is visible, enabled and stable
  scrolling into view if needed
  done scrolling
  &lt;div class=&quot;ui-widget-overlay ui-front&quot;&gt;&lt;/div&gt; intercepts pointer events
retrying click action, attempt #105
  waiting 500ms
  waiting for element to be visible, enabled and stable
  element is visible, enabled and stable
  scrolling into view if needed
  done scrolling
  &lt;div class=&quot;ui-widget-overlay ui-front&quot;&gt;&lt;/div&gt; intercepts pointer events
retrying click action, attempt #106
  waiting 500ms
  waiting for element to be visible, enabled and stable
  element is visible, enabled and stable
  scrolling into view if needed
  done scrolling
  &lt;div class=&quot;ui-widget-overlay ui-front&quot;&gt;&lt;/div&gt; intercepts pointer events
retrying click action, attempt #107
  waiting 500ms
  waiting for element to be visible, enabled and stable
  element is visible, enabled and stable
  scrolling into view if needed
  done scrolling
  &lt;div class=&quot;ui-widget-overlay ui-front&quot;&gt;&lt;/div&gt; intercepts pointer events
retrying click action, attempt #108
  waiting 500ms
  waiting for element to be visible, enabled and stable
  element is visible, enabled and stable
  scrolling into view if needed
  done scrolling
  &lt;div class=&quot;ui-widget-overlay ui-front&quot;&gt;&lt;/div&gt; intercepts pointer events
retrying click action, attempt #109
  waiting 500ms
  waiting for element to be visible, enabled and stable
  element is visible, enabled and stable
  scrolling into view if needed
  done scrolling
  &lt;div class=&quot;ui-widget-overlay ui-front&quot;&gt;&lt;/div&gt; intercepts pointer events
retrying click action, attempt #110
  waiting 500ms
  waiting for element to be visible, enabled and stable
  element is visible, enabled and stable
  scrolling into view if needed
  done scrolling
  &lt;div class=&quot;ui-widget-overlay ui-front&quot;&gt;&lt;/div&gt; intercepts pointer events
retrying click action, attempt #111
  waiting 500ms
  waiting for element to be visible, enabled and stable
  element is visible, enabled and stable
  scrolling into view if needed
  done scrolling
  &lt;div class=&quot;ui-widget-overlay ui-front&quot;&gt;&lt;/div&gt; intercepts pointer events
retrying click action, attempt #112
  waiting 500ms
  waiting for element to be visible, enabled and stable
  element is visible, enabled and stable
  scrolling into view if needed
  done scrolling
  &lt;div class=&quot;ui-widget-overlay ui-front&quot;&gt;&lt;/div&gt; intercepts pointer events
retrying click action, attempt #113
  waiting 500ms
  waiting for element to be visible, enabled and stable
  element is visible, enabled and stable
  scrolling into view if needed
  done scrolling
  &lt;div class=&quot;ui-widget-overlay ui-front&quot;&gt;&lt;/div&gt; intercepts pointer events
retrying click action, attempt #114
  waiting 500ms
  waiting for element to be visible, enabled and stable
  element is visible, enabled and stable
  scrolling into view if needed
  done scrolling
  &lt;div class=&quot;ui-widget-overlay ui-front&quot;&gt;&lt;/div&gt; intercepts pointer events
retrying click action, attempt #115
  waiting 500ms
  waiting for element to be visible, enabled and stable
  element is visible, enabled and stable
  scrolling into view if needed
  done scrolling
  &lt;div class=&quot;ui-widget-overlay ui-front&quot;&gt;&lt;/div&gt; intercepts pointer events
retrying click action, attempt #116
  waiting 500ms
  waiting for element to be visible, enabled and stable
  element is visible, enabled and stable
  scrolling into view if needed
  done scrolling
  &lt;div class=&quot;ui-widget-overlay ui-front&quot;&gt;&lt;/div&gt; intercepts pointer events
retrying click action, attempt #117
  waiting 500ms
  waiting for element to be visible, enabled and stable
  element is visible, enabled and stable
  scrolling into view if needed
  done scrolling
  &lt;div class=&quot;ui-widget-overlay ui-front&quot;&gt;&lt;/div&gt; intercepts pointer events
retrying click action, attempt #118
  waiting 500ms
  waiting for element to be visible, enabled and stable
  element is visible, enabled and stable
  scrolling into view if needed
  done scrolling
  &lt;div class=&quot;ui-widget-overlay ui-front&quot;&gt;&lt;/div&gt; intercepts pointer events
retrying click action, attempt #119
  waiting 500ms
  waiting for element to be visible, enabled and stable
  element is visible, enabled and stable
  scrolling into view if needed
  done scrolling
  &lt;div class=&quot;ui-widget-overlay ui-front&quot;&gt;&lt;/div&gt; intercepts pointer events
retrying click action, attempt #120
  waiting 500ms
  waiting for element to be visible, enabled and stable
  element is visible, enabled and stable
  scrolling into view if needed
  done scrolling
  &lt;div class=&quot;ui-widget-overlay ui-front&quot;&gt;&lt;/div&gt; intercepts pointer events
retrying click action, attempt #121
  waiting 500ms
  waiting for element to be visible, enabled and stable
  element is visible, enabled and stable
  scrolling into view if needed
  done scrolling
  &lt;div class=&quot;ui-widget-overlay ui-front&quot;&gt;&lt;/div&gt; intercepts pointer events
retrying click action, attempt #122
  waiting 500ms
  waiting for element to be visible, enabled and stable
  element is visible, enabled and stable
  scrolling into view if needed
  done scrolling
  &lt;div class=&quot;ui-widget-overlay ui-front&quot;&gt;&lt;/div&gt; intercepts pointer events
retrying click action, attempt #123
  waiting 500ms
  waiting for element to be visible, enabled and stable
  element is visible, enabled and stable
  scrolling into view if needed
  done scrolling
  &lt;div class=&quot;ui-widget-overlay ui-front&quot;&gt;&lt;/div&gt; intercepts pointer events
retrying click action, attempt #124
  waiting 500ms
  waiting for element to be visible, enabled and stable
  element is visible, enabled and stable
  scrolling into view if needed
  done scrolling
  &lt;div class=&quot;ui-widget-overlay ui-front&quot;&gt;&lt;/div&gt; intercepts pointer events
retrying click action, attempt #125
  waiting 500ms
============================================================
  name=&#039;TimeoutError
  stack=&#039;TimeoutError: Timeout 100000ms exceeded.
=========================== logs ===========================
waiting for getByRole(AriaRole.BUTTON, new Page.GetByRoleOptions().setName(&quot;Profile Menu&quot;))
  locator resolved to &lt;button type=&quot;button&quot;&gt;…&lt;/button&gt;
attempting click action
  waiting for element to be visible, enabled and stable
  element is visible, enabled and stable
  scrolling into view if needed
  done scrolling
  &lt;div class=&quot;ui-widget-overlay ui-front&quot;&gt;&lt;/div&gt; intercepts pointer events
retrying click action, attempt #1
  waiting for element to be visible, enabled and stable
  element is visible, enabled and stable
  scrolling into view if needed
  done scrolling
  &lt;div class=&quot;ui-widget-overlay ui-front&quot;&gt;&lt;/div&gt; intercepts pointer events
retrying click action, attempt #2
  waiting 20ms
  waiting for element to be visible, enabled and stable
  element is visible, enabled and stable
  scrolling into view if needed
  done scrolling
  &lt;div class=&quot;ui-widget-overlay ui-front&quot;&gt;&lt;/div&gt; intercepts pointer events
retrying click action, attempt #3
  waiting 100ms
  waiting for element to be visible, enabled and stable
  element is visible, enabled and stable
  scrolling into view if needed
  done scrolling
  &lt;div class=&quot;ui-widget-overlay ui-front&quot;&gt;&lt;/div&gt; intercepts pointer events
retrying click action, attempt #4
  waiting 100ms
  waiting for element to be visible, enabled and stable
  element is visible, enabled and stable
  scrolling into view if needed
  done scrolling
  &lt;div class=&quot;ui-widget-overlay ui-front&quot;&gt;&lt;/div&gt; intercepts pointer events
retrying click action, attempt #5
  waiting 500ms
  waiting for element to be visible, enabled and stable
  element is visible, enabled and stable
  scrolling into view if needed
  done scrolling
  &lt;div class=&quot;ui-widget-overlay ui-front&quot;&gt;&lt;/div&gt; intercepts pointer events
retrying click action, attempt #6
  waiting 500ms
  waiting for element to be visible, enabled and stable
  element is visible, enabled and stable
  scrolling into view if needed
  done scrolling
  &lt;div class=&quot;ui-widget-overlay ui-front&quot;&gt;&lt;/div&gt; intercepts pointer events
retrying click action, attempt #7
  waiting 500ms
  waiting for element to be visible, enabled and stable
  element is visible, enabled and stable
  scrolling into view if needed
  done scrolling
  &lt;div class=&quot;ui-widget-overlay ui-front&quot;&gt;&lt;/div&gt; intercepts pointer events
retrying click action, attempt #8
  waiting 500ms
  waiting for element to be visible, enabled and stable
  element is visible, enabled and stable
  scrolling into view if needed
  done scrolling
  &lt;div class=&quot;ui-widget-overlay ui-front&quot;&gt;&lt;/div&gt; intercepts pointer events
retrying click action, attempt #9
  waiting 500ms
  waiting for element to be visible, enabled and stable
  element is visible, enabled and stable
  scrolling into view if needed
  done scrolling
  &lt;div class=&quot;ui-widget-overlay ui-front&quot;&gt;&lt;/div&gt; intercepts pointer events
retrying click action, attempt #10
  waiting 500ms
  waiting for element to be visible, enabled and stable
  element is visible, enabled and stable
  scrolling into view if needed
  done scrolling
  &lt;div class=&quot;ui-widget-overlay ui-front&quot;&gt;&lt;/div&gt; intercepts pointer events
retrying click action, attempt #11
  waiting 500ms
  waiting for element to be visible, enabled and stable
  element is visible, enabled and stable
  scrolling into view if needed
  done scrolling
  &lt;div class=&quot;ui-widget-overlay ui-front&quot;&gt;&lt;/div&gt; intercepts pointer events
retrying click action, attempt #12
  waiting 500ms
  waiting for element to be visible, enabled and stable
  element is visible, enabled and stable
  scrolling into view if needed
  done scrolling
  &lt;div class=&quot;ui-widget-overlay ui-front&quot;&gt;&lt;/div&gt; intercepts pointer events
retrying click action, attempt #13
  waiting 500ms
  waiting for element to be visible, enabled and stable
  element is visible, enabled and stable
  scrolling into view if needed
  done scrolling
  &lt;div class=&quot;ui-widget-overlay ui-front&quot;&gt;&lt;/div&gt; intercepts pointer events
retrying click action, attempt #14
  waiting 500ms
  waiting for element to be visible, enabled and stable
  element is visible, enabled and stable
  scrolling into view if needed
  done scrolling
  &lt;div class=&quot;ui-widget-overlay ui-front&quot;&gt;&lt;/div&gt; intercepts pointer events
retrying click action, attempt #15
  waiting 500ms
  waiting for element to be visible, enabled and stable
  element is visible, enabled and stable
  scrolling into view if needed
  done scrolling
  &lt;div class=&quot;ui-widget-overlay ui-front&quot;&gt;&lt;/div&gt; intercepts pointer events
retrying click action, attempt #16
  waiting 500ms
  waiting for element to be visible, enabled and stable
  element is visible, enabled and stable
  scrolling into view if needed
  done scrolling
  &lt;div class=&quot;ui-widget-overlay ui-front&quot;&gt;&lt;/div&gt; intercepts pointer events
retrying click action, attempt #17
  waiting 500ms
  waiting for element to be visible, enabled and stable
  element is visible, enabled and stable
  scrolling into view if needed
  done scrolling
  &lt;div class=&quot;ui-widget-overlay ui-front&quot;&gt;&lt;/div&gt; intercepts pointer events
retrying click action, attempt #18
  waiting 500ms
  waiting for element to be visible, enabled and stable
  element is visible, enabled and stable
  scrolling into view if needed
  done scrolling
  &lt;div class=&quot;ui-widget-overlay ui-front&quot;&gt;&lt;/div&gt; intercepts pointer events
retrying click action, attempt #19
  waiting 500ms
  waiting for element to be visible, enabled and stable
  element is visible, enabled and stable
  scrolling into view if needed
  done scrolling
  &lt;div class=&quot;ui-widget-overlay ui-front&quot;&gt;&lt;/div&gt; intercepts pointer events
retrying click action, attempt #20
  waiting 500ms
  waiting for element to be visible, enabled and stable
  element is visible, enabled and stable
  scrolling into view if needed
  done scrolling
  &lt;div class=&quot;ui-widget-overlay ui-front&quot;&gt;&lt;/div&gt; intercepts pointer events
retrying click action, attempt #21
  waiting 500ms
  waiting for element to be visible, enabled and stable
  element is visible, enabled and stable
  scrolling into view if needed
  done scrolling
  &lt;div class=&quot;ui-widget-overlay ui-front&quot;&gt;&lt;/div&gt; intercepts pointer events
retrying click action, attempt #22
  waiting 500ms
  waiting for element to be visible, enabled and stable
  element is visible, enabled and stable
  scrolling into view if needed
  done scrolling
  &lt;div class=&quot;ui-widget-overlay ui-front&quot;&gt;&lt;/div&gt; intercepts pointer events
retrying click action, attempt #23
  waiting 500ms
  waiting for element to be visible, enabled and stable
  element is visible, enabled and stable
  scrolling into view if needed
  done scrolling
  &lt;div class=&quot;ui-widget-overlay ui-front&quot;&gt;&lt;/div&gt; intercepts pointer events
retrying click action, attempt #24
  waiting 500ms
  waiting for element to be visible, enabled and stable
  element is visible, enabled and stable
  scrolling into view if needed
  done scrolling
  &lt;div class=&quot;ui-widget-overlay ui-front&quot;&gt;&lt;/div&gt; intercepts pointer events
retrying click action, attempt #25
  waiting 500ms
  waiting for element to be visible, enabled and stable
  element is visible, enabled and stable
  scrolling into view if needed
  done scrolling
  &lt;div class=&quot;ui-widget-overlay ui-front&quot;&gt;&lt;/div&gt; intercepts pointer events
retrying click action, attempt #26
  waiting 500ms
  waiting for element to be visible, enabled and stable
  element is visible, enabled and stable
  scrolling into view if needed
  done scrolling
  &lt;div class=&quot;ui-widget-overlay ui-front&quot;&gt;&lt;/div&gt; intercepts pointer events
retrying click action, attempt #27
  waiting 500ms
  waiting for element to be visible, enabled and stable
  element is visible, enabled and stable
  scrolling into view if needed
  done scrolling
  &lt;div class=&quot;ui-widget-overlay ui-front&quot;&gt;&lt;/div&gt; intercepts pointer events
retrying click action, attempt #28
  waiting 500ms
  waiting for element to be visible, enabled and stable
  element is visible, enabled and stable
  scrolling into view if needed
  done scrolling
  &lt;div class=&quot;ui-widget-overlay ui-front&quot;&gt;&lt;/div&gt; intercepts pointer events
retrying click action, attempt #29
  waiting 500ms
  waiting for element to be visible, enabled and stable
  element is visible, enabled and stable
  scrolling into view if needed
  done scrolling
  &lt;div class=&quot;ui-widget-overlay ui-front&quot;&gt;&lt;/div&gt; intercepts pointer events
retrying click action, attempt #30
  waiting 500ms
  waiting for element to be visible, enabled and stable
  element is visible, enabled and stable
  scrolling into view if needed
  done scrolling
  &lt;div class=&quot;ui-widget-overlay ui-front&quot;&gt;&lt;/div&gt; intercepts pointer events
retrying click action, attempt #31
  waiting 500ms
  waiting for element to be visible, enabled and stable
  element is visible, enabled and stable
  scrolling into view if needed
  done scrolling
  &lt;div class=&quot;ui-widget-overlay ui-front&quot;&gt;&lt;/div&gt; intercepts pointer events
retrying click action, attempt #32
  waiting 500ms
  waiting for element to be visible, enabled and stable
  element is visible, enabled and stable
  scrolling into view if needed
  done scrolling
  &lt;div class=&quot;ui-widget-overlay ui-front&quot;&gt;&lt;/div&gt; intercepts pointer events
retrying click action, attempt #33
  waiting 500ms
  waiting for element to be visible, enabled and stable
  element is visible, enabled and stable
  scrolling into view if needed
  done scrolling
  &lt;div class=&quot;ui-widget-overlay ui-front&quot;&gt;&lt;/div&gt; intercepts pointer events
retrying click action, attempt #34
  waiting 500ms
  waiting for element to be visible, enabled and stable
  element is visible, enabled and stable
  scrolling into view if needed
  done scrolling
  &lt;div class=&quot;ui-widget-overlay ui-front&quot;&gt;&lt;/div&gt; intercepts pointer events
retrying click action, attempt #35
  waiting 500ms
  waiting for element to be visible, enabled and stable
  element is visible, enabled and stable
  scrolling into view if needed
  done scrolling
  &lt;div class=&quot;ui-widget-overlay ui-front&quot;&gt;&lt;/div&gt; intercepts pointer events
retrying click action, attempt #36
  waiting 500ms
  waiting for element to be visible, enabled and stable
  element is visible, enabled and stable
  scrolling into view if needed
  done scrolling
  &lt;div class=&quot;ui-widget-overlay ui-front&quot;&gt;&lt;/div&gt; intercepts pointer events
retrying click action, attempt #37
  waiting 500ms
  waiting for element to be visible, enabled and stable
  element is visible, enabled and stable
  scrolling into view if needed
  done scrolling
  &lt;div class=&quot;ui-widget-overlay ui-front&quot;&gt;&lt;/div&gt; intercepts pointer events
retrying click action, attempt #38
  waiting 500ms
  waiting for element to be visible, enabled and stable
  element is visible, enabled and stable
  scrolling into view if needed
  done scrolling
  &lt;div class=&quot;ui-widget-overlay ui-front&quot;&gt;&lt;/div&gt; intercepts pointer events
retrying click action, attempt #39
  waiting 500ms
  waiting for element to be visible, enabled and stable
  element is visible, enabled and stable
  scrolling into view if needed
  done scrolling
  &lt;div class=&quot;ui-widget-overlay ui-front&quot;&gt;&lt;/div&gt; intercepts pointer events
retrying click action, attempt #40
  waiting 500ms
  waiting for element to be visible, enabled and stable
  element is visible, enabled and stable
  scrolling into view if needed
  done scrolling
  &lt;div class=&quot;ui-widget-overlay ui-front&quot;&gt;&lt;/div&gt; intercepts pointer events
retrying click action, attempt #41
  waiting 500ms
  waiting for element to be visible, enabled and stable
  element is visible, enabled and stable
  scrolling into view if needed
  done scrolling
  &lt;div class=&quot;ui-widget-overlay ui-front&quot;&gt;&lt;/div&gt; intercepts pointer events
retrying click action, attempt #42
  waiting 500ms
  waiting for element to be visible, enabled and stable
  element is visible, enabled and stable
  scrolling into view if needed
  done scrolling
  &lt;div class=&quot;ui-widget-overlay ui-front&quot;&gt;&lt;/div&gt; intercepts pointer events
retrying click action, attempt #43
  waiting 500ms
  waiting for element to be visible, enabled and stable
  element is visible, enabled and stable
  scrolling into view if needed
  done scrolling
  &lt;div class=&quot;ui-widget-overlay ui-front&quot;&gt;&lt;/div&gt; intercepts pointer events
retrying click action, attempt #44
  waiting 500ms
  waiting for element to be visible, enabled and stable
  element is visible, enabled and stable
  scrolling into view if needed
  done scrolling
  &lt;div class=&quot;ui-widget-overlay ui-front&quot;&gt;&lt;/div&gt; intercepts pointer events
retrying click action, attempt #45
  waiting 500ms
  waiting for element to be visible, enabled and stable
  element is visible, enabled and stable
  scrolling into view if needed
  done scrolling
  &lt;div class=&quot;ui-widget-overlay ui-front&quot;&gt;&lt;/div&gt; intercepts pointer events
retrying click action, attempt #46
  waiting 500ms
  waiting for element to be visible, enabled and stable
  element is visible, enabled and stable
  scrolling into view if needed
  done scrolling
  &lt;div class=&quot;ui-widget-overlay ui-front&quot;&gt;&lt;/div&gt; intercepts pointer events
retrying click action, attempt #47
  waiting 500ms
  waiting for element to be visible, enabled and stable
  element is visible, enabled and stable
  scrolling into view if needed
  done scrolling
  &lt;div class=&quot;ui-widget-overlay ui-front&quot;&gt;&lt;/div&gt; intercepts pointer events
retrying click action, attempt #48
  waiting 500ms
  waiting for element to be visible, enabled and stable
  element is visible, enabled and stable
  scrolling into view if needed
  done scrolling
  &lt;div class=&quot;ui-widget-overlay ui-front&quot;&gt;&lt;/div&gt; intercepts pointer events
retrying click action, attempt #49
  waiting 500ms
  waiting for element to be visible, enabled and stable
  element is visible, enabled and stable
  scrolling into view if needed
  done scrolling
  &lt;div class=&quot;ui-widget-overlay ui-front&quot;&gt;&lt;/div&gt; intercepts pointer events
retrying click action, attempt #50
  waiting 500ms
  waiting for element to be visible, enabled and stable
  element is visible, enabled and stable
  scrolling into view if needed
  done scrolling
  &lt;div class=&quot;ui-widget-overlay ui-front&quot;&gt;&lt;/div&gt; intercepts pointer events
retrying click action, attempt #51
  waiting 500ms
  waiting for element to be visible, enabled and stable
  element is visible, enabled and stable
  scrolling into view if needed
  done scrolling
  &lt;div class=&quot;ui-widget-overlay ui-front&quot;&gt;&lt;/div&gt; intercepts pointer events
retrying click action, attempt #52
  waiting 500ms
  waiting for element to be visible, enabled and stable
  element is visible, enabled and stable
  scrolling into view if needed
  done scrolling
  &lt;div class=&quot;ui-widget-overlay ui-front&quot;&gt;&lt;/div&gt; intercepts pointer events
retrying click action, attempt #53
  waiting 500ms
  waiting for element to be visible, enabled and stable
  element is visible, enabled and stable
  scrolling into view if needed
  done scrolling
  &lt;div class=&quot;ui-widget-overlay ui-front&quot;&gt;&lt;/div&gt; intercepts pointer events
retrying click action, attempt #54
  waiting 500ms
  waiting for element to be visible, enabled and stable
  element is visible, enabled and stable
  scrolling into view if needed
  done scrolling
  &lt;div class=&quot;ui-widget-overlay ui-front&quot;&gt;&lt;/div&gt; intercepts pointer events
retrying click action, attempt #55
  waiting 500ms
  waiting for element to be visible, enabled and stable
  element is visible, enabled and stable
  scrolling into view if needed
  done scrolling
  &lt;div class=&quot;ui-widget-overlay ui-front&quot;&gt;&lt;/div&gt; intercepts pointer events
retrying click action, attempt #56
  waiting 500ms
  waiting for element to be visible, enabled and stable
  element is visible, enabled and stable
  scrolling into view if needed
  done scrolling
  &lt;div class=&quot;ui-widget-overlay ui-front&quot;&gt;&lt;/div&gt; intercepts pointer events
retrying click action, attempt #57
  waiting 500ms
  waiting for element to be visible, enabled and stable
  element is visible, enabled and stable
  scrolling into view if needed
  done scrolling
  &lt;div class=&quot;ui-widget-overlay ui-front&quot;&gt;&lt;/div&gt; intercepts pointer events
retrying click action, attempt #58
  waiting 500ms
  waiting for element to be visible, enabled and stable
  element is visible, enabled and stable
  scrolling into view if needed
  done scrolling
  &lt;div class=&quot;ui-widget-overlay ui-front&quot;&gt;&lt;/div&gt; intercepts pointer events
retrying click action, attempt #59
  waiting 500ms
  waiting for element to be visible, enabled and stable
  element is visible, enabled and stable
  scrolling into view if needed
  done scrolling
  &lt;div class=&quot;ui-widget-overlay ui-front&quot;&gt;&lt;/div&gt; intercepts pointer events
retrying click action, attempt #60
  waiting 500ms
  waiting for element to be visible, enabled and stable
  element is visible, enabled and stable
  scrolling into view if needed
  done scrolling
  &lt;div class=&quot;ui-widget-overlay ui-front&quot;&gt;&lt;/div&gt; intercepts pointer events
retrying click action, attempt #61
  waiting 500ms
  waiting for element to be visible, enabled and stable
  element is visible, enabled and stable
  scrolling into view if needed
  done scrolling
  &lt;div class=&quot;ui-widget-overlay ui-front&quot;&gt;&lt;/div&gt; intercepts pointer events
retrying click action, attempt #62
  waiting 500ms
  waiting for element to be visible, enabled and stable
  element is visible, enabled and stable
  scrolling into view if needed
  done scrolling
  &lt;div class=&quot;ui-widget-overlay ui-front&quot;&gt;&lt;/div&gt; intercepts pointer events
retrying click action, attempt #63
  waiting 500ms
  waiting for element to be visible, enabled and stable
  element is visible, enabled and stable
  scrolling into view if needed
  done scrolling
  &lt;div class=&quot;ui-widget-overlay ui-front&quot;&gt;&lt;/div&gt; intercepts pointer events
retrying click action, attempt #64
  waiting 500ms
  waiting for element to be visible, enabled and stable
  element is visible, enabled and stable
  scrolling into view if needed
  done scrolling
  &lt;div class=&quot;ui-widget-overlay ui-front&quot;&gt;&lt;/div&gt; intercepts pointer events
retrying click action, attempt #65
  waiting 500ms
  waiting for element to be visible, enabled and stable
  element is visible, enabled and stable
  scrolling into view if needed
  done scrolling
  &lt;div class=&quot;ui-widget-overlay ui-front&quot;&gt;&lt;/div&gt; intercepts pointer events
retrying click action, attempt #66
  waiting 500ms
  waiting for element to be visible, enabled and stable
  element is visible, enabled and stable
  scrolling into view if needed
  done scrolling
  &lt;div class=&quot;ui-widget-overlay ui-front&quot;&gt;&lt;/div&gt; intercepts pointer events
retrying click action, attempt #67
  waiting 500ms
  waiting for element to be visible, enabled and stable
  element is visible, enabled and stable
  scrolling into view if needed
  done scrolling
  &lt;div class=&quot;ui-widget-overlay ui-front&quot;&gt;&lt;/div&gt; intercepts pointer events
retrying click action, attempt #68
  waiting 500ms
  waiting for element to be visible, enabled and stable
  element is visible, enabled and stable
  scrolling into view if needed
  done scrolling
  &lt;div class=&quot;ui-widget-overlay ui-front&quot;&gt;&lt;/div&gt; intercepts pointer events
retrying click action, attempt #69
  waiting 500ms
  waiting for element to be visible, enabled and stable
  element is visible, enabled and stable
  scrolling into view if needed
  done scrolling
  &lt;div class=&quot;ui-widget-overlay ui-front&quot;&gt;&lt;/div&gt; intercepts pointer events
retrying click action, attempt #70
  waiting 500ms
  waiting for element to be visible, enabled and stable
  element is visible, enabled and stable
  scrolling into view if needed
  done scrolling
  &lt;div class=&quot;ui-widget-overlay ui-front&quot;&gt;&lt;/div&gt; intercepts pointer events
retrying click action, attempt #71
  waiting 500ms
  waiting for element to be visible, enabled and stable
  element is visible, enabled and stable
  scrolling into view if needed
  done scrolling
  &lt;div class=&quot;ui-widget-overlay ui-front&quot;&gt;&lt;/div&gt; intercepts pointer events
retrying click action, attempt #72
  waiting 500ms
  waiting for element to be visible, enabled and stable
  element is visible, enabled and stable
  scrolling into view if needed
  done scrolling
  &lt;div class=&quot;ui-widget-overlay ui-front&quot;&gt;&lt;/div&gt; intercepts pointer events
retrying click action, attempt #73
  waiting 500ms
  waiting for element to be visible, enabled and stable
  element is visible, enabled and stable
  scrolling into view if needed
  done scrolling
  &lt;div class=&quot;ui-widget-overlay ui-front&quot;&gt;&lt;/div&gt; intercepts pointer events
retrying click action, attempt #74
  waiting 500ms
  waiting for element to be visible, enabled and stable
  element is visible, enabled and stable
  scrolling into view if needed
  done scrolling
  &lt;div class=&quot;ui-widget-overlay ui-front&quot;&gt;&lt;/div&gt; intercepts pointer events
retrying click action, attempt #75
  waiting 500ms
  waiting for element to be visible, enabled and stable
  element is visible, enabled and stable
  scrolling into view if needed
  done scrolling
  &lt;div class=&quot;ui-widget-overlay ui-front&quot;&gt;&lt;/div&gt; intercepts pointer events
retrying click action, attempt #76
  waiting 500ms
  waiting for element to be visible, enabled and stable
  element is visible, enabled and stable
  scrolling into view if needed
  done scrolling
  &lt;div class=&quot;ui-widget-overlay ui-front&quot;&gt;&lt;/div&gt; intercepts pointer events
retrying click action, attempt #77
  waiting 500ms
  waiting for element to be visible, enabled and stable
  element is visible, enabled and stable
  scrolling into view if needed
  done scrolling
  &lt;div class=&quot;ui-widget-overlay ui-front&quot;&gt;&lt;/div&gt; intercepts pointer events
retrying click action, attempt #78
  waiting 500ms
  waiting for element to be visible, enabled and stable
  element is visible, enabled and stable
  scrolling into view if needed
  done scrolling
  &lt;div class=&quot;ui-widget-overlay ui-front&quot;&gt;&lt;/div&gt; intercepts pointer events
retrying click action, attempt #79
  waiting 500ms
  waiting for element to be visible, enabled and stable
  element is visible, enabled and stable
  scrolling into view if needed
  done scrolling
  &lt;div class=&quot;ui-widget-overlay ui-front&quot;&gt;&lt;/div&gt; intercepts pointer events
retrying click action, attempt #80
  waiting 500ms
  waiting for element to be visible, enabled and stable
  element is visible, enabled and stable
  scrolling into view if needed
  done scrolling
  &lt;div class=&quot;ui-widget-overlay ui-front&quot;&gt;&lt;/div&gt; intercepts pointer events
retrying click action, attempt #81
  waiting 500ms
  waiting for element to be visible, enabled and stable
  element is visible, enabled and stable
  scrolling into view if needed
  done scrolling
  &lt;div class=&quot;ui-widget-overlay ui-front&quot;&gt;&lt;/div&gt; intercepts pointer events
retrying click action, attempt #82
  waiting 500ms
  waiting for element to be visible, enabled and stable
  element is visible, enabled and stable
  scrolling into view if needed
  done scrolling
  &lt;div class=&quot;ui-widget-overlay ui-front&quot;&gt;&lt;/div&gt; intercepts pointer events
retrying click action, attempt #83
  waiting 500ms
  waiting for element to be visible, enabled and stable
  element is visible, enabled and stable
  scrolling into view if needed
  done scrolling
  &lt;div class=&quot;ui-widget-overlay ui-front&quot;&gt;&lt;/div&gt; intercepts pointer events
retrying click action, attempt #84
  waiting 500ms
  waiting for element to be visible, enabled and stable
  element is visible, enabled and stable
  scrolling into view if needed
  done scrolling
  &lt;div class=&quot;ui-widget-overlay ui-front&quot;&gt;&lt;/div&gt; intercepts pointer events
retrying click action, attempt #85
  waiting 500ms
  waiting for element to be visible, enabled and stable
  element is visible, enabled and stable
  scrolling into view if needed
  done scrolling
  &lt;div class=&quot;ui-widget-overlay ui-front&quot;&gt;&lt;/div&gt; intercepts pointer events
retrying click action, attempt #86
  waiting 500ms
  waiting for element to be visible, enabled and stable
  element is visible, enabled and stable
  scrolling into view if needed
  done scrolling
  &lt;div class=&quot;ui-widget-overlay ui-front&quot;&gt;&lt;/div&gt; intercepts pointer events
retrying click action, attempt #87
  waiting 500ms
  waiting for element to be visible, enabled and stable
  element is visible, enabled and stable
  scrolling into view if needed
  done scrolling
  &lt;div class=&quot;ui-widget-overlay ui-front&quot;&gt;&lt;/div&gt; intercepts pointer events
retrying click action, attempt #88
  waiting 500ms
  waiting for element to be visible, enabled and stable
  element is visible, enabled and stable
  scrolling into view if needed
  done scrolling
  &lt;div class=&quot;ui-widget-overlay ui-front&quot;&gt;&lt;/div&gt; intercepts pointer events
retrying click action, attempt #89
  waiting 500ms
  waiting for element to be visible, enabled and stable
  element is visible, enabled and stable
  scrolling into view if needed
  done scrolling
  &lt;div class=&quot;ui-widget-overlay ui-front&quot;&gt;&lt;/div&gt; intercepts pointer events
retrying click action, attempt #90
  waiting 500ms
  waiting for element to be visible, enabled and stable
  element is visible, enabled and stable
  scrolling into view if needed
  done scrolling
  &lt;div class=&quot;ui-widget-overlay ui-front&quot;&gt;&lt;/div&gt; intercepts pointer events
retrying click action, attempt #91
  waiting 500ms
  waiting for element to be visible, enabled and stable
  element is visible, enabled and stable
  scrolling into view if needed
  done scrolling
  &lt;div class=&quot;ui-widget-overlay ui-front&quot;&gt;&lt;/div&gt; intercepts pointer events
retrying click action, attempt #92
  waiting 500ms
  waiting for element to be visible, enabled and stable
  element is visible, enabled and stable
  scrolling into view if needed
  done scrolling
  &lt;div class=&quot;ui-widget-overlay ui-front&quot;&gt;&lt;/div&gt; intercepts pointer events
retrying click action, attempt #93
  waiting 500ms
  waiting for element to be visible, enabled and stable
  element is visible, enabled and stable
  scrolling into view if needed
  done scrolling
  &lt;div class=&quot;ui-widget-overlay ui-front&quot;&gt;&lt;/div&gt; intercepts pointer events
retrying click action, attempt #94
  waiting 500ms
  waiting for element to be visible, enabled and stable
  element is visible, enabled and stable
  scrolling into view if needed
  done scrolling
  &lt;div class=&quot;ui-widget-overlay ui-front&quot;&gt;&lt;/div&gt; intercepts pointer events
retrying click action, attempt #95
  waiting 500ms
  waiting for element to be visible, enabled and stable
  element is visible, enabled and stable
  scrolling into view if needed
  done scrolling
  &lt;div class=&quot;ui-widget-overlay ui-front&quot;&gt;&lt;/div&gt; intercepts pointer events
retrying click action, attempt #96
  waiting 500ms
  waiting for element to be visible, enabled and stable
  element is visible, enabled and stable
  scrolling into view if needed
  done scrolling
  &lt;div class=&quot;ui-widget-overlay ui-front&quot;&gt;&lt;/div&gt; intercepts pointer events
retrying click action, attempt #97
  waiting 500ms
  waiting for element to be visible, enabled and stable
  element is visible, enabled and stable
  scrolling into view if needed
  done scrolling
  &lt;div class=&quot;ui-widget-overlay ui-front&quot;&gt;&lt;/div&gt; intercepts pointer events
retrying click action, attempt #98
  waiting 500ms
  waiting for element to be visible, enabled and stable
  element is visible, enabled and stable
  scrolling into view if needed
  done scrolling
  &lt;div class=&quot;ui-widget-overlay ui-front&quot;&gt;&lt;/div&gt; intercepts pointer events
retrying click action, attempt #99
  waiting 500ms
  waiting for element to be visible, enabled and stable
  element is visible, enabled and stable
  scrolling into view if needed
  done scrolling
  &lt;div class=&quot;ui-widget-overlay ui-front&quot;&gt;&lt;/div&gt; intercepts pointer events
retrying click action, attempt #100
  waiting 500ms
  waiting for element to be visible, enabled and stable
  element is visible, enabled and stable
  scrolling into view if needed
  done scrolling
  &lt;div class=&quot;ui-widget-overlay ui-front&quot;&gt;&lt;/div&gt; intercepts pointer events
retrying click action, attempt #101
  waiting 500ms
  waiting for element to be visible, enabled and stable
  element is visible, enabled and stable
  scrolling into view if needed
  done scrolling
  &lt;div class=&quot;ui-widget-overlay ui-front&quot;&gt;&lt;/div&gt; intercepts pointer events
retrying click action, attempt #102
  waiting 500ms
  waiting for element to be visible, enabled and stable
  element is visible, enabled and stable
  scrolling into view if needed
  done scrolling
  &lt;div class=&quot;ui-widget-overlay ui-front&quot;&gt;&lt;/div&gt; intercepts pointer events
retrying click action, attempt #103
  waiting 500ms
  waiting for element to be visible, enabled and stable
  element is visible, enabled and stable
  scrolling into view if needed
  done scrolling
  &lt;div class=&quot;ui-widget-overlay ui-front&quot;&gt;&lt;/div&gt; intercepts pointer events
retrying click action, attempt #104
  waiting 500ms
  waiting for element to be visible, enabled and stable
  element is visible, enabled and stable
  scrolling into view if needed
  done scrolling
  &lt;div class=&quot;ui-widget-overlay ui-front&quot;&gt;&lt;/div&gt; intercepts pointer events
retrying click action, attempt #105
  waiting 500ms
  waiting for element to be visible, enabled and stable
  element is visible, enabled and stable
  scrolling into view if needed
  done scrolling
  &lt;div class=&quot;ui-widget-overlay ui-front&quot;&gt;&lt;/div&gt; intercepts pointer events
retrying click action, attempt #106
  waiting 500ms
  waiting for element to be visible, enabled and stable
  element is visible, enabled and stable
  scrolling into view if needed
  done scrolling
  &lt;div class=&quot;ui-widget-overlay ui-front&quot;&gt;&lt;/div&gt; intercepts pointer events
retrying click action, attempt #107
  waiting 500ms
  waiting for element to be visible, enabled and stable
  element is visible, enabled and stable
  scrolling into view if needed
  done scrolling
  &lt;div class=&quot;ui-widget-overlay ui-front&quot;&gt;&lt;/div&gt; intercepts pointer events
retrying click action, attempt #108
  waiting 500ms
  waiting for element to be visible, enabled and stable
  element is visible, enabled and stable
  scrolling into view if needed
  done scrolling
  &lt;div class=&quot;ui-widget-overlay ui-front&quot;&gt;&lt;/div&gt; intercepts pointer events
retrying click action, attempt #109
  waiting 500ms
  waiting for element to be visible, enabled and stable
  element is visible, enabled and stable
  scrolling into view if needed
  done scrolling
  &lt;div class=&quot;ui-widget-overlay ui-front&quot;&gt;&lt;/div&gt; intercepts pointer events
retrying click action, attempt #110
  waiting 500ms
  waiting for element to be visible, enabled and stable
  element is visible, enabled and stable
  scrolling into view if needed
  done scrolling
  &lt;div class=&quot;ui-widget-overlay ui-front&quot;&gt;&lt;/div&gt; intercepts pointer events
retrying click action, attempt #111
  waiting 500ms
  waiting for element to be visible, enabled and stable
  element is visible, enabled and stable
  scrolling into view if needed
  done scrolling
  &lt;div class=&quot;ui-widget-overlay ui-front&quot;&gt;&lt;/div&gt; intercepts pointer events
retrying click action, attempt #112
  waiting 500ms
  waiting for element to be visible, enabled and stable
  element is visible, enabled and stable
  scrolling into view if needed
  done scrolling
  &lt;div class=&quot;ui-widget-overlay ui-front&quot;&gt;&lt;/div&gt; intercepts pointer events
retrying click action, attempt #113
  waiting 500ms
  waiting for element to be visible, enabled and stable
  element is visible, enabled and stable
  scrolling into view if needed
  done scrolling
  &lt;div class=&quot;ui-widget-overlay ui-front&quot;&gt;&lt;/div&gt; intercepts pointer events
retrying click action, attempt #114
  waiting 500ms
  waiting for element to be visible, enabled and stable
  element is visible, enabled and stable
  scrolling into view if needed
  done scrolling
  &lt;div class=&quot;ui-widget-overlay ui-front&quot;&gt;&lt;/div&gt; intercepts pointer events
retrying click action, attempt #115
  waiting 500ms
  waiting for element to be visible, enabled and stable
  element is visible, enabled and stable
  scrolling into view if needed
  done scrolling
  &lt;div class=&quot;ui-widget-overlay ui-front&quot;&gt;&lt;/div&gt; intercepts pointer events
retrying click action, attempt #116
  waiting 500ms
  waiting for element to be visible, enabled and stable
  element is visible, enabled and stable
  scrolling into view if needed
  done scrolling
  &lt;div class=&quot;ui-widget-overlay ui-front&quot;&gt;&lt;/div&gt; intercepts pointer events
retrying click action, attempt #117
  waiting 500ms
  waiting for element to be visible, enabled and stable
  element is visible, enabled and stable
  scrolling into view if needed
  done scrolling
  &lt;div class=&quot;ui-widget-overlay ui-front&quot;&gt;&lt;/div&gt; intercepts pointer events
retrying click action, attempt #118
  waiting 500ms
  waiting for element to be visible, enabled and stable
[...]
retrying click action, attempt #82
  waiting 500ms
  waiting for element to be visible, enabled and stable
  element is visible, enabled and stable
  scrolling into view if needed
  done scrolling
  <div class="ui-widget-overlay ui-front"></div> intercepts pointer events
retrying click action, attempt #83
  waiting 500ms
  waiting for element to be visible, enabled and stable
  element is visible, enabled and stable
  scrolling into view if needed
  done scrolling
  <div class="ui-widget-overlay ui-front"></div> intercepts pointer events
retrying click action, attempt #84
  waiting 500ms
  waiting for element to be visible, enabled and stable
  element is visible, enabled and stable
  scrolling into view if needed
  done scrolling
  <div class="ui-widget-overlay ui-front"></div> intercepts pointer events
retrying click action, attempt #85
  waiting 500ms
  waiting for element to be visible, enabled and stable
  element is visible, enabled and stable
  scrolling into view if needed
  done scrolling
  <div class="ui-widget-overlay ui-front"></div> intercepts pointer events
retrying click action, attempt #86
  waiting 500ms
  waiting for element to be visible, enabled and stable
  element is visible, enabled and stable
  scrolling into view if needed
  done scrolling
  <div class="ui-widget-overlay ui-front"></div> intercepts pointer events
retrying click action, attempt #87
  waiting 500ms
  waiting for element to be visible, enabled and stable
  element is visible, enabled and stable
  scrolling into view if needed
  done scrolling
  <div class="ui-widget-overlay ui-front"></div> intercepts pointer events
retrying click action, attempt #88
  waiting 500ms
  waiting for element to be visible, enabled and stable
  element is visible, enabled and stable
  scrolling into view if needed
  done scrolling
  <div class="ui-widget-overlay ui-front"></div> intercepts pointer events
retrying click action, attempt #89
  waiting 500ms
  waiting for element to be visible, enabled and stable
  element is visible, enabled and stable
  scrolling into view if needed
  done scrolling
  <div class="ui-widget-overlay ui-front"></div> intercepts pointer events
retrying click action, attempt #90
  waiting 500ms
  waiting for element to be visible, enabled and stable
  element is visible, enabled and stable
  scrolling into view if needed
  done scrolling
  <div class="ui-widget-overlay ui-front"></div> intercepts pointer events
retrying click action, attempt #91
  waiting 500ms
  waiting for element to be visible, enabled and stable
  element is visible, enabled and stable
  scrolling into view if needed
  done scrolling
  <div class="ui-widget-overlay ui-front"></div> intercepts pointer events
retrying click action, attempt #92
  waiting 500ms
  waiting for element to be visible, enabled and stable
  element is visible, enabled and stable
  scrolling into view if needed
  done scrolling
  <div class="ui-widget-overlay ui-front"></div> intercepts pointer events
retrying click action, attempt #93
  waiting 500ms
  waiting for element to be visible, enabled and stable
  element is visible, enabled and stable
  scrolling into view if needed
  done scrolling
  <div class="ui-widget-overlay ui-front"></div> intercepts pointer events
retrying click action, attempt #94
  waiting 500ms
  waiting for element to be visible, enabled and stable
  element is visible, enabled and stable
  scrolling into view if needed
  done scrolling
  <div class="ui-widget-overlay ui-front"></div> intercepts pointer events
retrying click action, attempt #95
  waiting 500ms
  waiting for element to be visible, enabled and stable
  element is visible, enabled and stable
  scrolling into view if needed
  done scrolling
  <div class="ui-widget-overlay ui-front"></div> intercepts pointer events
retrying click action, attempt #96
  waiting 500ms
  waiting for element to be visible, enabled and stable
  element is visible, enabled and stable
  scrolling into view if needed
  done scrolling
  <div class="ui-widget-overlay ui-front"></div> intercepts pointer events
retrying click action, attempt #97
  waiting 500ms
  waiting for element to be visible, enabled and stable
  element is visible, enabled and stable
  scrolling into view if needed
  done scrolling
  <div class="ui-widget-overlay ui-front"></div> intercepts pointer events
retrying click action, attempt #98
  waiting 500ms
  waiting for element to be visible, enabled and stable
  element is visible, enabled and stable
  scrolling into view if needed
  done scrolling
  <div class="ui-widget-overlay ui-front"></div> intercepts pointer events
retrying click action, attempt #99
  waiting 500ms
  waiting for element to be visible, enabled and stable
  element is visible, enabled and stable
  scrolling into view if needed
  done scrolling
  <div class="ui-widget-overlay ui-front"></div> intercepts pointer events
retrying click action, attempt #100
  waiting 500ms
  waiting for element to be visible, enabled and stable
  element is visible, enabled and stable
  scrolling into view if needed
  done scrolling
  <div class="ui-widget-overlay ui-front"></div> intercepts pointer events
retrying click action, attempt #101
  waiting 500ms
  waiting for element to be visible, enabled and stable
  element is visible, enabled and stable
  scrolling into view if needed
  done scrolling
  <div class="ui-widget-overlay ui-front"></div> intercepts pointer events
retrying click action, attempt #102
  waiting 500ms
  waiting for element to be visible, enabled and stable
  element is visible, enabled and stable
  scrolling into view if needed
  done scrolling
  <div class="ui-widget-overlay ui-front"></div> intercepts pointer events
retrying click action, attempt #103
  waiting 500ms
  waiting for element to be visible, enabled and stable
  element is visible, enabled and stable
  scrolling into view if needed
  done scrolling
  <div class="ui-widget-overlay ui-front"></div> intercepts pointer events
retrying click action, attempt #104
  waiting 500ms
  waiting for element to be visible, enabled and stable
  element is visible, enabled and stable
  scrolling into view if needed
  done scrolling
  <div class="ui-widget-overlay ui-front"></div> intercepts pointer events
retrying click action, attempt #105
  waiting 500ms
  waiting for element to be visible, enabled and stable
  element is visible, enabled and stable
  scrolling into view if needed
  done scrolling
  <div class="ui-widget-overlay ui-front"></div> intercepts pointer events
retrying click action, attempt #106
  waiting 500ms
  waiting for element to be visible, enabled and stable
  element is visible, enabled and stable
  scrolling into view if needed
  done scrolling
  <div class="ui-widget-overlay ui-front"></div> intercepts pointer events
retrying click action, attempt #107
  waiting 500ms
  waiting for element to be visible, enabled and stable
  element is visible, enabled and stable
  scrolling into view if needed
  done scrolling
  <div class="ui-widget-overlay ui-front"></div> intercepts pointer events
retrying click action, attempt #108
  waiting 500ms
  waiting for element to be visible, enabled and stable
  element is visible, enabled and stable
  scrolling into view if needed
  done scrolling
  <div class="ui-widget-overlay ui-front"></div> intercepts pointer events
retrying click action, attempt #109
  waiting 500ms
  waiting for element to be visible, enabled and stable
  element is visible, enabled and stable
  scrolling into view if needed
  done scrolling
  <div class="ui-widget-overlay ui-front"></div> intercepts pointer events
retrying click action, attempt #110
  waiting 500ms
  waiting for element to be visible, enabled and stable
  element is visible, enabled and stable
  scrolling into view if needed
  done scrolling
  <div class="ui-widget-overlay ui-front"></div> intercepts pointer events
retrying click action, attempt #111
  waiting 500ms
  waiting for element to be visible, enabled and stable
  element is visible, enabled and stable
  scrolling into view if needed
  done scrolling
  <div class="ui-widget-overlay ui-front"></div> intercepts pointer events
retrying click action, attempt #112
  waiting 500ms
  waiting for element to be visible, enabled and stable
  element is visible, enabled and stable
  scrolling into view if needed
  done scrolling
  <div class="ui-widget-overlay ui-front"></div> intercepts pointer events
retrying click action, attempt #113
  waiting 500ms
  waiting for element to be visible, enabled and stable
  element is visible, enabled and stable
  scrolling into view if needed
  done scrolling
  <div class="ui-widget-overlay ui-front"></div> intercepts pointer events
retrying click action, attempt #114
  waiting 500ms
  waiting for element to be visible, enabled and stable
  element is visible, enabled and stable
  scrolling into view if needed
  done scrolling
  <div class="ui-widget-overlay ui-front"></div> intercepts pointer events
retrying click action, attempt #115
  waiting 500ms
  waiting for element to be visible, enabled and stable
  element is visible, enabled and stable
  scrolling into view if needed
  done scrolling
  <div class="ui-widget-overlay ui-front"></div> intercepts pointer events
retrying click action, attempt #116
  waiting 500ms
  waiting for element to be visible, enabled and stable
  element is visible, enabled and stable
  scrolling into view if needed
  done scrolling
  <div class="ui-widget-overlay ui-front"></div> intercepts pointer events
retrying click action, attempt #117
  waiting 500ms
  waiting for element to be visible, enabled and stable
  element is visible, enabled and stable
  scrolling into view if needed
  done scrolling
  <div class="ui-widget-overlay ui-front"></div> intercepts pointer events
retrying click action, attempt #118
  waiting 500ms
  waiting for element to be visible, enabled and stable
  element is visible, enabled and stable
  scrolling into view if needed
  done scrolling
  <div class="ui-widget-overlay ui-front"></div> intercepts pointer events
retrying click action, attempt #119
  waiting 500ms
  waiting for element to be visible, enabled and stable
  element is visible, enabled and stable
  scrolling into view if needed
  done scrolling
  <div class="ui-widget-overlay ui-front"></div> intercepts pointer events
retrying click action, attempt #120
  waiting 500ms
  waiting for element to be visible, enabled and stable
  element is visible, enabled and stable
  scrolling into view if needed
  done scrolling
  <div class="ui-widget-overlay ui-front"></div> intercepts pointer events
retrying click action, attempt #121
  waiting 500ms
  waiting for element to be visible, enabled and stable
  element is visible, enabled and stable
  scrolling into view if needed
  done scrolling
  <div class="ui-widget-overlay ui-front"></div> intercepts pointer events
retrying click action, attempt #122
  waiting 500ms
  waiting for element to be visible, enabled and stable
  element is visible, enabled and stable
  scrolling into view if needed
  done scrolling
  <div class="ui-widget-overlay ui-front"></div> intercepts pointer events
retrying click action, attempt #123
  waiting 500ms
  waiting for element to be visible, enabled and stable
  element is visible, enabled and stable
  scrolling into view if needed
  done scrolling
  <div class="ui-widget-overlay ui-front"></div> intercepts pointer events
retrying click action, attempt #124
  waiting 500ms
  waiting for element to be visible, enabled and stable
  element is visible, enabled and stable
  scrolling into view if needed
  done scrolling
  <div class="ui-widget-overlay ui-front"></div> intercepts pointer events
retrying click action, attempt #125
  waiting 500ms
============================================================
    at ProgressController.run (C:\Users\SURYA~1.MAH\AppData\Local\Temp\playwright-java-3916118544389455505\package\lib\server\progress.js:88:26)
    at Frame.click (C:\Users\SURYA~1.MAH\AppData\Local\Temp\playwright-java-3916118544389455505\package\lib\server\frames.js:999:23)
    at FrameDispatcher.click (C:\Users\SURYA~1.MAH\AppData\Local\Temp\playwright-java-3916118544389455505\package\lib\server\dispatchers\frameDispatcher.js:149:30)
    at DispatcherConnection.dispatch (C:\Users\SURYA~1.MAH\AppData\Local\Temp\playwright-java-3916118544389455505\package\lib\server\dispatchers\dispatcher.js:312:46)
}
at com.microsoft.playwright.impl.Connection.dispatch(Connection.java:224)
at com.microsoft.playwright.impl.Connection.processOneMessage(Connection.java:206)
at com.microsoft.playwright.impl.ChannelOwner.runUntil(ChannelOwner.java:109)
... 40 more
]]>
    </error>
  </testcase> <!-- Logout -->
  <system-out/>
  <testcase classname="com.qa.thesis.tests.DataCreation" name="dataCreation" time="344.810">
    <error message="Error {
  message=&#039;Timeout 100000ms exceeded.
=========================== logs ===========================
waiting for getByRole(AriaRole.BUTTON, new Page.GetByRoleOptions().setName(&quot;Show Search Results Widget&quot;))
============================================================
  name=&#039;TimeoutError
  stack=&#039;TimeoutError: Timeout 100000ms exceeded.
=========================== logs ===========================
waiting for getByRole(AriaRole.BUTTON, new Page.GetByRoleOptions().setName(&quot;Show Search Results Widget&quot;))
============================================================
    at ProgressController.run (C:\Users\SURYA~1.MAH\AppData\Local\Temp\playwright-java-3916118544389455505\package\lib\server\progress.js:88:26)
    at Frame.click (C:\Users\SURYA~1.MAH\AppData\Local\Temp\playwright-java-3916118544389455505\package\lib\server\frames.js:999:23)
    at FrameDispatcher.click (C:\Users\SURYA~1.MAH\AppData\Local\Temp\playwright-java-3916118544389455505\package\lib\server\dispatchers\frameDispatcher.js:149:30)
    at DispatcherConnection.dispatch (C:\Users\SURYA~1.MAH\AppData\Local\Temp\playwright-java-3916118544389455505\package\lib\server\dispatchers\dispatcher.js:312:46)
}" type="com.microsoft.playwright.TimeoutError">
      <![CDATA[com.microsoft.playwright.TimeoutError: Error {
  message='Timeout 100000ms exceeded.
=========================== logs ===========================
waiting for getByRole(AriaRole.BUTTON, new Page.GetByRoleOptions().setName("Show Search Results Widget"))
============================================================
  name='TimeoutError
  stack='TimeoutError: Timeout 100000ms exceeded.
=========================== logs ===========================
waiting for getByRole(AriaRole.BUTTON, new Page.GetByRoleOptions().setName("Show Search Results Widget"))
============================================================
    at ProgressController.run (C:\Users\SURYA~1.MAH\AppData\Local\Temp\playwright-java-3916118544389455505\package\lib\server\progress.js:88:26)
    at Frame.click (C:\Users\SURYA~1.MAH\AppData\Local\Temp\playwright-java-3916118544389455505\package\lib\server\frames.js:999:23)
    at FrameDispatcher.click (C:\Users\SURYA~1.MAH\AppData\Local\Temp\playwright-java-3916118544389455505\package\lib\server\dispatchers\frameDispatcher.js:149:30)
    at DispatcherConnection.dispatch (C:\Users\SURYA~1.MAH\AppData\Local\Temp\playwright-java-3916118544389455505\package\lib\server\dispatchers\dispatcher.js:312:46)
}
at com.microsoft.playwright.impl.WaitableResult.get(WaitableResult.java:52)
at com.microsoft.playwright.impl.ChannelOwner.runUntil(ChannelOwner.java:111)
at com.microsoft.playwright.impl.Connection.sendMessage(Connection.java:126)
at com.microsoft.playwright.impl.ChannelOwner.sendMessage(ChannelOwner.java:102)
at com.microsoft.playwright.impl.FrameImpl.clickImpl(FrameImpl.java:252)
at com.microsoft.playwright.impl.FrameImpl.lambda$click$8(FrameImpl.java:243)
at com.microsoft.playwright.impl.LoggingSupport.lambda$withLogging$0(LoggingSupport.java:36)
at com.microsoft.playwright.impl.LoggingSupport.withLogging(LoggingSupport.java:47)
at com.microsoft.playwright.impl.ChannelOwner.withLogging(ChannelOwner.java:87)
at com.microsoft.playwright.impl.LoggingSupport.withLogging(LoggingSupport.java:35)
at com.microsoft.playwright.impl.FrameImpl.click(FrameImpl.java:243)
at com.microsoft.playwright.impl.LocatorImpl.click(LocatorImpl.java:132)
at com.microsoft.playwright.Locator.click(Locator.java:2268)
at com.qa.thesis.pages.LoginPage.CreateCourseOffering(LoginPage.java:219)
at com.qa.thesis.tests.DataCreation.dataCreation(DataCreation.java:16)
at java.base/jdk.internal.reflect.NativeMethodAccessorImpl.invoke0(Native Method)
at java.base/jdk.internal.reflect.NativeMethodAccessorImpl.invoke(NativeMethodAccessorImpl.java:77)
at java.base/jdk.internal.reflect.DelegatingMethodAccessorImpl.invoke(DelegatingMethodAccessorImpl.java:43)
at java.base/java.lang.reflect.Method.invoke(Method.java:568)
at org.testng.internal.invokers.MethodInvocationHelper.invokeMethod(MethodInvocationHelper.java:139)
at org.testng.internal.invokers.TestInvoker.invokeMethod(TestInvoker.java:677)
at org.testng.internal.invokers.TestInvoker.invokeTestMethod(TestInvoker.java:221)
at org.testng.internal.invokers.MethodRunner.runInSequence(MethodRunner.java:50)
at org.testng.internal.invokers.TestInvoker$MethodInvocationAgent.invoke(TestInvoker.java:969)
at org.testng.internal.invokers.TestInvoker.invokeTestMethods(TestInvoker.java:194)
at org.testng.internal.invokers.TestMethodWorker.invokeTestMethods(TestMethodWorker.java:148)
at org.testng.internal.invokers.TestMethodWorker.run(TestMethodWorker.java:128)
at java.base/java.util.ArrayList.forEach(ArrayList.java:1511)
at org.testng.TestRunner.privateRun(TestRunner.java:829)
at org.testng.TestRunner.run(TestRunner.java:602)
at org.testng.SuiteRunner.runTest(SuiteRunner.java:437)
at org.testng.SuiteRunner$SuiteWorker.run(SuiteRunner.java:475)
at org.testng.internal.thread.ThreadUtil.lambda$execute$0(ThreadUtil.java:58)
at java.base/java.util.concurrent.FutureTask.run(FutureTask.java:264)
at java.base/java.util.concurrent.ThreadPoolExecutor.runWorker(ThreadPoolExecutor.java:1136)
at java.base/java.util.concurrent.ThreadPoolExecutor$Worker.run(ThreadPoolExecutor.java:635)
at java.base/java.lang.Thread.run(Thread.java:833)
Caused by: com.microsoft.playwright.TimeoutError: Error {
  message='Timeout 100000ms exceeded.
=========================== logs ===========================
waiting for getByRole(AriaRole.BUTTON, new Page.GetByRoleOptions().setName("Show Search Results Widget"))
============================================================
  name='TimeoutError
  stack='TimeoutError: Timeout 100000ms exceeded.
=========================== logs ===========================
waiting for getByRole(AriaRole.BUTTON, new Page.GetByRoleOptions().setName("Show Search Results Widget"))
============================================================
    at ProgressController.run (C:\Users\SURYA~1.MAH\AppData\Local\Temp\playwright-java-3916118544389455505\package\lib\server\progress.js:88:26)
    at Frame.click (C:\Users\SURYA~1.MAH\AppData\Local\Temp\playwright-java-3916118544389455505\package\lib\server\frames.js:999:23)
    at FrameDispatcher.click (C:\Users\SURYA~1.MAH\AppData\Local\Temp\playwright-java-3916118544389455505\package\lib\server\dispatchers\frameDispatcher.js:149:30)
    at DispatcherConnection.dispatch (C:\Users\SURYA~1.MAH\AppData\Local\Temp\playwright-java-3916118544389455505\package\lib\server\dispatchers\dispatcher.js:312:46)
}
at com.microsoft.playwright.impl.Connection.dispatch(Connection.java:224)
at com.microsoft.playwright.impl.Connection.processOneMessage(Connection.java:206)
at com.microsoft.playwright.impl.ChannelOwner.runUntil(ChannelOwner.java:109)
... 35 more
]]>
    </error>
  </testcase> <!-- dataCreation -->
  <system-out/>
  <testcase classname="com.qa.thesis.tests.DataCreation" name="dataCreation" time="397.723"/>
  <system-out/>
</testsuite> <!-- com.qa.thesis.tests.DataCreation -->
